2018-10-30 15:53:07,473 - brc - INFO - Namespace(algo='BIDAF', batch_size=64, dev_files=['../data/devset/dev.json'], dropout_keep_prob=1, embed_size=300, epochs=25, evaluate=False, gpu='1', hidden_size=150, hop_num=9, learning_rate=0.0005, load_epoch=1, log_path='../data/logging2', max_a_len=10, max_p_len=500, max_q_len=30, model_dir='../data/models/', optim='adam', predict=False, prepare=False, readme='结合所有优点', result_dir='../data/results/', summary_dir='../data/summary/', test_files=['../data/testset/test.json'], train=True, train_files=['../data/trainset/train.json'], vocab_dir='../data/vocab/', weight_decay=0)
2018-10-30 15:53:07,474 - brc - INFO - 加载数据集和词汇表...
2018-10-30 15:53:21,293 - brc - INFO - 训练集规模: 249422 个问题.
2018-10-30 15:53:22,328 - brc - INFO - 验证集规模: 29938 个问题.
2018-10-30 15:53:22,328 - brc - INFO - 词语转化为id序列...
2018-10-30 15:53:37,428 - brc - INFO - 初始化模型...
2018-10-30 15:53:43,059 - brc - INFO - 建立运算图用时为: 5.28955864906311  秒
2018-10-30 15:53:45,401 - brc - INFO - 训练模型...
2018-10-30 15:53:45,402 - brc - INFO - 第1次训练模型 
2018-10-30 15:55:27,757 - brc - INFO - 第 1 到第 50批训练集的平均损失为 1.0967258620262146
2018-10-30 15:57:07,812 - brc - INFO - 第 51 到第 100批训练集的平均损失为 0.8834371268749237
2018-10-30 15:58:35,387 - brc - INFO - 第 101 到第 150批训练集的平均损失为 0.8568993234634399
2018-10-30 16:00:07,454 - brc - INFO - 第 151 到第 200批训练集的平均损失为 0.8527478790283203
2018-10-30 16:01:32,683 - brc - INFO - 第 201 到第 250批训练集的平均损失为 0.8211076831817627
2018-10-30 16:02:59,795 - brc - INFO - 第 251 到第 300批训练集的平均损失为 0.8420651006698608
2018-10-30 16:04:15,242 - brc - INFO - 第 301 到第 350批训练集的平均损失为 0.8382765746116638
2018-10-30 16:05:25,678 - brc - INFO - 第 351 到第 400批训练集的平均损失为 0.8276959133148193
2018-10-30 16:06:36,054 - brc - INFO - 第 401 到第 450批训练集的平均损失为 0.8155058825016022
2018-10-30 16:07:58,808 - brc - INFO - 第 451 到第 500批训练集的平均损失为 0.8092572402954101
2018-10-30 16:09:19,439 - brc - INFO - 第 501 到第 550批训练集的平均损失为 0.8203134119510651
2018-10-30 16:10:28,665 - brc - INFO - 第 551 到第 600批训练集的平均损失为 0.8180326199531556
2018-10-30 16:11:40,968 - brc - INFO - 第 601 到第 650批训练集的平均损失为 0.834666200876236
2018-10-30 16:12:50,816 - brc - INFO - 第 651 到第 700批训练集的平均损失为 0.7928440225124359
2018-10-30 16:14:09,142 - brc - INFO - 第 701 到第 750批训练集的平均损失为 0.773660362958908
2018-10-30 16:15:33,273 - brc - INFO - 第 751 到第 800批训练集的平均损失为 0.7810575425624847
2018-10-30 16:16:43,088 - brc - INFO - 第 801 到第 850批训练集的平均损失为 0.7709615194797516
2018-10-30 16:17:53,737 - brc - INFO - 第 851 到第 900批训练集的平均损失为 0.785393887758255
2018-10-30 16:19:01,602 - brc - INFO - 第 901 到第 950批训练集的平均损失为 0.7946230173110962
2018-10-30 16:20:09,269 - brc - INFO - 第 951 到第 1000批训练集的平均损失为 0.7572258508205414
2018-10-30 16:21:15,232 - brc - INFO - 第 1001 到第 1050批训练集的平均损失为 0.7628084695339203
2018-10-30 16:22:26,634 - brc - INFO - 第 1051 到第 1100批训练集的平均损失为 0.7736586928367615
2018-10-30 16:23:37,146 - brc - INFO - 第 1101 到第 1150批训练集的平均损失为 0.7624372780323029
2018-10-30 16:24:48,823 - brc - INFO - 第 1151 到第 1200批训练集的平均损失为 0.7350801432132721
2018-10-30 16:25:54,071 - brc - INFO - 第 1201 到第 1250批训练集的平均损失为 0.7299461555480957
2018-10-30 16:27:02,567 - brc - INFO - 第 1251 到第 1300批训练集的平均损失为 0.7340494775772095
2018-10-30 16:28:13,007 - brc - INFO - 第 1301 到第 1350批训练集的平均损失为 0.7450524699687958
2018-10-30 16:29:23,344 - brc - INFO - 第 1351 到第 1400批训练集的平均损失为 0.7346429944038391
2018-10-30 16:30:25,061 - brc - INFO - 第 1401 到第 1450批训练集的平均损失为 0.6949325215816498
2018-10-30 16:31:27,445 - brc - INFO - 第 1451 到第 1500批训练集的平均损失为 0.7296537351608277
2018-10-30 16:32:38,007 - brc - INFO - 第 1501 到第 1550批训练集的平均损失为 0.7435494136810302
2018-10-30 16:33:45,557 - brc - INFO - 第 1551 到第 1600批训练集的平均损失为 0.7470424401760102
2018-10-30 16:34:54,348 - brc - INFO - 第 1601 到第 1650批训练集的平均损失为 0.7460175573825836
2018-10-30 16:35:58,010 - brc - INFO - 第 1651 到第 1700批训练集的平均损失为 0.7437562048435211
2018-10-30 16:37:00,645 - brc - INFO - 第 1701 到第 1750批训练集的平均损失为 0.7128963029384613
2018-10-30 16:38:14,210 - brc - INFO - 第 1751 到第 1800批训练集的平均损失为 0.7303430235385895
2018-10-30 16:39:17,219 - brc - INFO - 第 1801 到第 1850批训练集的平均损失为 0.7335294723510742
2018-10-30 16:40:21,819 - brc - INFO - 第 1851 到第 1900批训练集的平均损失为 0.7172391903400421
2018-10-30 16:41:25,550 - brc - INFO - 第 1901 到第 1950批训练集的平均损失为 0.7235143196582794
2018-10-30 16:42:32,247 - brc - INFO - 第 1951 到第 2000批训练集的平均损失为 0.7057498526573182
2018-10-30 16:43:40,581 - brc - INFO - 第 2001 到第 2050批训练集的平均损失为 0.7243573534488678
2018-10-30 16:44:48,958 - brc - INFO - 第 2051 到第 2100批训练集的平均损失为 0.7154374086856842
2018-10-30 16:45:54,550 - brc - INFO - 第 2101 到第 2150批训练集的平均损失为 0.7205027627944947
2018-10-30 16:47:07,568 - brc - INFO - 第 2151 到第 2200批训练集的平均损失为 0.7304279851913452
2018-10-30 16:48:56,693 - brc - INFO - 第 2201 到第 2250批训练集的平均损失为 0.7329513716697693
2018-10-30 16:51:15,512 - brc - INFO - 第 2251 到第 2300批训练集的平均损失为 0.7234980583190918
2018-10-30 16:53:22,537 - brc - INFO - 第 2301 到第 2350批训练集的平均损失为 0.6885380113124847
2018-10-30 16:55:17,475 - brc - INFO - 第 2351 到第 2400批训练集的平均损失为 0.6880851352214813
2018-10-30 16:57:24,829 - brc - INFO - 第 2401 到第 2450批训练集的平均损失为 0.7069194316864014
2018-10-30 16:59:31,147 - brc - INFO - 第 2451 到第 2500批训练集的平均损失为 0.7190427577495575
2018-10-30 17:01:42,617 - brc - INFO - 第 2501 到第 2550批训练集的平均损失为 0.7057526111602783
2018-10-30 17:03:43,107 - brc - INFO - 第 2551 到第 2600批训练集的平均损失为 0.6941569924354554
2018-10-30 17:05:48,819 - brc - INFO - 第 2601 到第 2650批训练集的平均损失为 0.6972486090660095
2018-10-30 17:08:02,305 - brc - INFO - 第 2651 到第 2700批训练集的平均损失为 0.711043336391449
2018-10-30 17:10:04,763 - brc - INFO - 第 2701 到第 2750批训练集的平均损失为 0.701642347574234
2018-10-30 17:12:06,663 - brc - INFO - 第 2751 到第 2800批训练集的平均损失为 0.7065865367650985
2018-10-30 17:14:16,727 - brc - INFO - 第 2801 到第 2850批训练集的平均损失为 0.691342556476593
2018-10-30 17:16:10,245 - brc - INFO - 第 2851 到第 2900批训练集的平均损失为 0.7096608686447143
2018-10-30 17:18:11,823 - brc - INFO - 第 2901 到第 2950批训练集的平均损失为 0.6802915942668915
2018-10-30 17:20:04,317 - brc - INFO - 第 2951 到第 3000批训练集的平均损失为 0.6866023087501526
2018-10-30 17:22:04,131 - brc - INFO - 第 3001 到第 3050批训练集的平均损失为 0.6756530606746673
2018-10-30 17:24:11,483 - brc - INFO - 第 3051 到第 3100批训练集的平均损失为 0.6781607949733734
2018-10-30 17:26:09,764 - brc - INFO - 第 3101 到第 3150批训练集的平均损失为 0.6794941651821137
2018-10-30 17:28:13,412 - brc - INFO - 第 3151 到第 3200批训练集的平均损失为 0.6622073578834534
2018-10-30 17:30:18,193 - brc - INFO - 第 3201 到第 3250批训练集的平均损失为 0.7022518730163574
2018-10-30 17:32:15,032 - brc - INFO - 第 3251 到第 3300批训练集的平均损失为 0.6773202335834503
2018-10-30 17:34:21,264 - brc - INFO - 第 3301 到第 3350批训练集的平均损失为 0.7116575175523758
2018-10-30 17:36:13,143 - brc - INFO - 第 3351 到第 3400批训练集的平均损失为 0.7138353848457336
2018-10-30 17:38:07,262 - brc - INFO - 第 3401 到第 3450批训练集的平均损失为 0.7165422797203064
2018-10-30 17:40:09,556 - brc - INFO - 第 3451 到第 3500批训练集的平均损失为 0.6841375935077667
2018-10-30 17:41:25,138 - brc - INFO - 第 3501 到第 3550批训练集的平均损失为 0.6993226838111878
2018-10-30 17:42:35,961 - brc - INFO - 第 3551 到第 3600批训练集的平均损失为 0.695465841293335
2018-10-30 17:43:49,740 - brc - INFO - 第 3601 到第 3650批训练集的平均损失为 0.7164292228221893
2018-10-30 17:45:00,441 - brc - INFO - 第 3651 到第 3700批训练集的平均损失为 0.6665498554706574
2018-10-30 17:46:06,965 - brc - INFO - 第 3701 到第 3750批训练集的平均损失为 0.6836682456731796
2018-10-30 17:47:13,652 - brc - INFO - 第 3751 到第 3800批训练集的平均损失为 0.6822662198543549
2018-10-30 17:48:17,402 - brc - INFO - 第 3801 到第 3850批训练集的平均损失为 0.6688218379020691
2018-10-30 17:49:17,774 - brc - INFO - 该批次的平均训练损失 1 is 0.7411752883037362
2018-10-30 17:52:55,641 - brc - INFO - dev 集合acc 0.7129734785222793
2018-10-30 17:52:55,641 - brc - INFO - dev 集合平均损失0.6890598664868929
2018-10-30 17:52:59,083 - brc - INFO - 保存模型到 ../data/models/, 其前缀为 BIDAF_1.
2018-10-30 17:52:59,083 - brc - INFO - 第2次训练模型 
2018-10-30 17:54:07,944 - brc - INFO - 第 1 到第 50批训练集的平均损失为 0.6745034968852996
2018-10-30 17:55:13,245 - brc - INFO - 第 51 到第 100批训练集的平均损失为 0.6481491404771805
2018-10-30 17:56:18,858 - brc - INFO - 第 101 到第 150批训练集的平均损失为 0.648664135336876
2018-10-30 17:57:26,514 - brc - INFO - 第 151 到第 200批训练集的平均损失为 0.6762264293432235
2018-10-30 17:58:39,786 - brc - INFO - 第 201 到第 250批训练集的平均损失为 0.6440603303909301
2018-10-30 17:59:40,470 - brc - INFO - 第 251 到第 300批训练集的平均损失为 0.6648025131225586
2018-10-30 18:00:45,670 - brc - INFO - 第 301 到第 350批训练集的平均损失为 0.6573065835237503
2018-10-30 18:01:52,976 - brc - INFO - 第 351 到第 400批训练集的平均损失为 0.6557980835437774
2018-10-30 18:03:02,192 - brc - INFO - 第 401 到第 450批训练集的平均损失为 0.6694232219457626
2018-10-30 18:04:07,862 - brc - INFO - 第 451 到第 500批训练集的平均损失为 0.6488809323310852
2018-10-30 18:05:15,355 - brc - INFO - 第 501 到第 550批训练集的平均损失为 0.6783269989490509
2018-10-30 18:06:19,537 - brc - INFO - 第 551 到第 600批训练集的平均损失为 0.6408296066522599
2018-10-30 18:07:24,319 - brc - INFO - 第 601 到第 650批训练集的平均损失为 0.6560390102863312
2018-10-30 18:08:38,430 - brc - INFO - 第 651 到第 700批训练集的平均损失为 0.6447808367013931
2018-10-30 18:09:52,895 - brc - INFO - 第 701 到第 750批训练集的平均损失为 0.6747411239147186
2018-10-30 18:10:58,347 - brc - INFO - 第 751 到第 800批训练集的平均损失为 0.6517338544130326
2018-10-30 18:12:08,577 - brc - INFO - 第 801 到第 850批训练集的平均损失为 0.6600080716609955
2018-10-30 18:13:17,573 - brc - INFO - 第 851 到第 900批训练集的平均损失为 0.6383539032936096
2018-10-30 18:14:26,922 - brc - INFO - 第 901 到第 950批训练集的平均损失为 0.6595100748538971
2018-10-30 18:15:27,076 - brc - INFO - 第 951 到第 1000批训练集的平均损失为 0.6380789852142335
2018-10-30 18:16:34,492 - brc - INFO - 第 1001 到第 1050批训练集的平均损失为 0.659024811387062
2018-10-30 18:17:43,007 - brc - INFO - 第 1051 到第 1100批训练集的平均损失为 0.6576631766557693
2018-10-30 18:18:55,283 - brc - INFO - 第 1101 到第 1150批训练集的平均损失为 0.6642363011837006
2018-10-30 18:20:02,419 - brc - INFO - 第 1151 到第 1200批训练集的平均损失为 0.6636288279294967
2018-10-30 18:21:10,236 - brc - INFO - 第 1201 到第 1250批训练集的平均损失为 0.6443994438648224
2018-10-30 18:22:17,800 - brc - INFO - 第 1251 到第 1300批训练集的平均损失为 0.6271590101718902
2018-10-30 18:23:30,534 - brc - INFO - 第 1301 到第 1350批训练集的平均损失为 0.6605166912078857
2018-10-30 18:24:37,920 - brc - INFO - 第 1351 到第 1400批训练集的平均损失为 0.6642785292863845
2018-10-30 18:25:45,913 - brc - INFO - 第 1401 到第 1450批训练集的平均损失为 0.660571141242981
2018-10-30 18:26:53,605 - brc - INFO - 第 1451 到第 1500批训练集的平均损失为 0.6437380564212799
2018-10-30 18:28:04,153 - brc - INFO - 第 1501 到第 1550批训练集的平均损失为 0.6315140497684478
2018-10-30 18:29:09,519 - brc - INFO - 第 1551 到第 1600批训练集的平均损失为 0.6423849785327911
2018-10-30 18:30:21,395 - brc - INFO - 第 1601 到第 1650批训练集的平均损失为 0.6571550273895264
2018-10-30 18:31:24,985 - brc - INFO - 第 1651 到第 1700批训练集的平均损失为 0.6605504786968232
2018-10-30 18:32:34,773 - brc - INFO - 第 1701 到第 1750批训练集的平均损失为 0.6525322937965393
2018-10-30 18:33:41,462 - brc - INFO - 第 1751 到第 1800批训练集的平均损失为 0.6602008312940597
2018-10-30 18:34:51,302 - brc - INFO - 第 1801 到第 1850批训练集的平均损失为 0.6308474308252334
2018-10-30 18:36:00,489 - brc - INFO - 第 1851 到第 1900批训练集的平均损失为 0.6394700229167938
2018-10-30 18:37:06,687 - brc - INFO - 第 1901 到第 1950批训练集的平均损失为 0.6379317021369935
2018-10-30 18:38:17,311 - brc - INFO - 第 1951 到第 2000批训练集的平均损失为 0.654733692407608
2018-10-30 18:39:20,982 - brc - INFO - 第 2001 到第 2050批训练集的平均损失为 0.6567268002033234
2018-10-30 18:40:31,090 - brc - INFO - 第 2051 到第 2100批训练集的平均损失为 0.624269380569458
2018-10-30 18:41:42,011 - brc - INFO - 第 2101 到第 2150批训练集的平均损失为 0.6391735488176346
2018-10-30 18:42:49,416 - brc - INFO - 第 2151 到第 2200批训练集的平均损失为 0.6455444926023484
2018-10-30 18:43:57,655 - brc - INFO - 第 2201 到第 2250批训练集的平均损失为 0.6653932976722717
2018-10-30 18:45:04,159 - brc - INFO - 第 2251 到第 2300批训练集的平均损失为 0.6397304093837738
2018-10-30 18:46:15,204 - brc - INFO - 第 2301 到第 2350批训练集的平均损失为 0.6461506569385529
2018-10-30 18:47:26,150 - brc - INFO - 第 2351 到第 2400批训练集的平均损失为 0.6547788709402085
2018-10-30 18:48:31,701 - brc - INFO - 第 2401 到第 2450批训练集的平均损失为 0.6363779282569886
2018-10-30 18:49:37,498 - brc - INFO - 第 2451 到第 2500批训练集的平均损失为 0.6447035539150238
2018-10-30 18:50:45,559 - brc - INFO - 第 2501 到第 2550批训练集的平均损失为 0.6580616599321365
2018-10-30 18:51:52,370 - brc - INFO - 第 2551 到第 2600批训练集的平均损失为 0.657715710401535
2018-10-30 18:52:58,476 - brc - INFO - 第 2601 到第 2650批训练集的平均损失为 0.6388564217090607
2018-10-30 18:54:06,504 - brc - INFO - 第 2651 到第 2700批训练集的平均损失为 0.6042426234483719
2018-10-30 18:55:13,396 - brc - INFO - 第 2701 到第 2750批训练集的平均损失为 0.6257306975126267
2018-10-30 18:56:20,460 - brc - INFO - 第 2751 到第 2800批训练集的平均损失为 0.6369936567544937
2018-10-30 18:57:28,089 - brc - INFO - 第 2801 到第 2850批训练集的平均损失为 0.6286565244197846
2018-10-30 18:58:34,472 - brc - INFO - 第 2851 到第 2900批训练集的平均损失为 0.6530455887317658
2018-10-30 18:59:42,514 - brc - INFO - 第 2901 到第 2950批训练集的平均损失为 0.6284913069009781
2018-10-30 19:00:51,549 - brc - INFO - 第 2951 到第 3000批训练集的平均损失为 0.651066363453865
2018-10-30 19:02:06,658 - brc - INFO - 第 3001 到第 3050批训练集的平均损失为 0.6354165118932724
2018-10-30 19:03:16,450 - brc - INFO - 第 3051 到第 3100批训练集的平均损失为 0.6490669912099838
2018-10-30 19:04:17,928 - brc - INFO - 第 3101 到第 3150批训练集的平均损失为 0.639110437631607
2018-10-30 19:05:23,341 - brc - INFO - 第 3151 到第 3200批训练集的平均损失为 0.6537859815359116
2018-10-30 19:06:27,516 - brc - INFO - 第 3201 到第 3250批训练集的平均损失为 0.6240999221801757
2018-10-30 19:07:36,252 - brc - INFO - 第 3251 到第 3300批训练集的平均损失为 0.6471516227722168
2018-10-30 19:08:43,359 - brc - INFO - 第 3301 到第 3350批训练集的平均损失为 0.6681075847148895
2018-10-30 19:09:52,112 - brc - INFO - 第 3351 到第 3400批训练集的平均损失为 0.6490990400314331
2018-10-30 19:11:02,950 - brc - INFO - 第 3401 到第 3450批训练集的平均损失为 0.6758798253536225
2018-10-30 19:12:14,404 - brc - INFO - 第 3451 到第 3500批训练集的平均损失为 0.6551272594928741
2018-10-30 19:13:22,373 - brc - INFO - 第 3501 到第 3550批训练集的平均损失为 0.6498006814718247
2018-10-30 19:14:29,561 - brc - INFO - 第 3551 到第 3600批训练集的平均损失为 0.6557365828752517
2018-10-30 19:15:31,396 - brc - INFO - 第 3601 到第 3650批训练集的平均损失为 0.6531759601831436
2018-10-30 19:16:40,943 - brc - INFO - 第 3651 到第 3700批训练集的平均损失为 0.6335068207979202
2018-10-30 19:17:42,856 - brc - INFO - 第 3701 到第 3750批训练集的平均损失为 0.6453775596618653
2018-10-30 19:18:46,700 - brc - INFO - 第 3751 到第 3800批训练集的平均损失为 0.6212558782100678
2018-10-30 19:19:51,188 - brc - INFO - 第 3801 到第 3850批训练集的平均损失为 0.6440706878900528
2018-10-30 19:20:56,611 - brc - INFO - 该批次的平均训练损失 2 is 0.6489720259039604
2018-10-30 19:24:43,300 - brc - INFO - dev 集合acc 0.7295744538713341
2018-10-30 19:24:43,301 - brc - INFO - dev 集合平均损失0.6616821425919447
2018-10-30 19:24:46,760 - brc - INFO - 保存模型到 ../data/models/, 其前缀为 BIDAF_2.
2018-10-30 19:24:46,761 - brc - INFO - 第3次训练模型 
2018-10-30 19:25:54,342 - brc - INFO - 第 1 到第 50批训练集的平均损失为 0.6057811033725738
2018-10-30 19:27:03,447 - brc - INFO - 第 51 到第 100批训练集的平均损失为 0.598767563700676
2018-10-30 19:28:10,911 - brc - INFO - 第 101 到第 150批训练集的平均损失为 0.6038201487064362
2018-10-30 19:29:22,729 - brc - INFO - 第 151 到第 200批训练集的平均损失为 0.591947700381279
2018-10-30 19:30:33,180 - brc - INFO - 第 201 到第 250批训练集的平均损失为 0.6084329748153686
2018-10-30 19:31:41,217 - brc - INFO - 第 251 到第 300批训练集的平均损失为 0.6017317950725556
2018-10-30 19:32:45,874 - brc - INFO - 第 301 到第 350批训练集的平均损失为 0.6100980180501938
2018-10-30 19:33:52,134 - brc - INFO - 第 351 到第 400批训练集的平均损失为 0.5851238882541656
2018-10-30 19:35:03,299 - brc - INFO - 第 401 到第 450批训练集的平均损失为 0.5978214424848557
2018-10-30 19:36:10,028 - brc - INFO - 第 451 到第 500批训练集的平均损失为 0.5703292471170426
2018-10-30 19:37:18,095 - brc - INFO - 第 501 到第 550批训练集的平均损失为 0.6154314315319062
2018-10-30 19:38:29,199 - brc - INFO - 第 551 到第 600批训练集的平均损失为 0.6061033809185028
2018-10-30 19:39:38,892 - brc - INFO - 第 601 到第 650批训练集的平均损失为 0.5890382009744645
2018-10-30 19:40:49,529 - brc - INFO - 第 651 到第 700批训练集的平均损失为 0.606384015083313
2018-10-30 19:41:54,752 - brc - INFO - 第 701 到第 750批训练集的平均损失为 0.6048506546020508
2018-10-30 19:43:02,042 - brc - INFO - 第 751 到第 800批训练集的平均损失为 0.5990196615457535
2018-10-30 19:44:11,240 - brc - INFO - 第 801 到第 850批训练集的平均损失为 0.5823157322406769
2018-10-30 19:45:17,599 - brc - INFO - 第 851 到第 900批训练集的平均损失为 0.5792519319057464
2018-10-30 19:46:22,741 - brc - INFO - 第 901 到第 950批训练集的平均损失为 0.5758992999792099
2018-10-30 19:47:26,655 - brc - INFO - 第 951 到第 1000批训练集的平均损失为 0.568476767539978
2018-10-30 19:48:31,315 - brc - INFO - 第 1001 到第 1050批训练集的平均损失为 0.589175381064415
2018-10-30 19:49:40,393 - brc - INFO - 第 1051 到第 1100批训练集的平均损失为 0.5889912909269333
2018-10-30 19:50:48,256 - brc - INFO - 第 1101 到第 1150批训练集的平均损失为 0.6348127549886704
2018-10-30 19:51:57,202 - brc - INFO - 第 1151 到第 1200批训练集的平均损失为 0.5964724767208099
2018-10-30 19:53:06,685 - brc - INFO - 第 1201 到第 1250批训练集的平均损失为 0.5864869952201843
2018-10-30 19:54:15,269 - brc - INFO - 第 1251 到第 1300批训练集的平均损失为 0.6058090680837631
2018-10-30 19:55:23,327 - brc - INFO - 第 1301 到第 1350批训练集的平均损失为 0.6006093472242355
2018-10-30 19:56:31,609 - brc - INFO - 第 1351 到第 1400批训练集的平均损失为 0.6022590070962905
2018-10-30 19:57:34,771 - brc - INFO - 第 1401 到第 1450批训练集的平均损失为 0.5906223082542419
2018-10-30 19:58:47,295 - brc - INFO - 第 1451 到第 1500批训练集的平均损失为 0.593158153295517
2018-10-30 19:59:57,747 - brc - INFO - 第 1501 到第 1550批训练集的平均损失为 0.5849465644359588
2018-10-30 20:01:03,740 - brc - INFO - 第 1551 到第 1600批训练集的平均损失为 0.5929779106378555
2018-10-30 20:02:11,827 - brc - INFO - 第 1601 到第 1650批训练集的平均损失为 0.5657691740989685
2018-10-30 20:03:19,975 - brc - INFO - 第 1651 到第 1700批训练集的平均损失为 0.6147305637598037
2018-10-30 20:04:33,121 - brc - INFO - 第 1701 到第 1750批训练集的平均损失为 0.6075726455450058
2018-10-30 20:05:43,859 - brc - INFO - 第 1751 到第 1800批训练集的平均损失为 0.5924966704845428
2018-10-30 20:06:51,443 - brc - INFO - 第 1801 到第 1850批训练集的平均损失为 0.586624344587326
2018-10-30 20:07:57,782 - brc - INFO - 第 1851 到第 1900批训练集的平均损失为 0.5855021339654922
2018-10-30 20:09:09,294 - brc - INFO - 第 1901 到第 1950批训练集的平均损失为 0.5839297193288803
2018-10-30 20:10:17,587 - brc - INFO - 第 1951 到第 2000批训练集的平均损失为 0.6024346208572388
2018-10-30 20:11:22,845 - brc - INFO - 第 2001 到第 2050批训练集的平均损失为 0.5833611303567886
2018-10-30 20:12:34,496 - brc - INFO - 第 2051 到第 2100批训练集的平均损失为 0.596583456993103
2018-10-30 20:13:38,596 - brc - INFO - 第 2101 到第 2150批训练集的平均损失为 0.5765791290998459
2018-10-30 20:14:46,414 - brc - INFO - 第 2151 到第 2200批训练集的平均损失为 0.5941659134626388
2018-10-30 20:16:03,305 - brc - INFO - 第 2201 到第 2250批训练集的平均损失为 0.5847400736808777
2018-10-30 20:17:09,165 - brc - INFO - 第 2251 到第 2300批训练集的平均损失为 0.579757034778595
2018-10-30 20:18:18,698 - brc - INFO - 第 2301 到第 2350批训练集的平均损失为 0.6082349228858948
2018-10-30 20:19:29,594 - brc - INFO - 第 2351 到第 2400批训练集的平均损失为 0.6039286941289902
2018-10-30 20:20:31,660 - brc - INFO - 第 2401 到第 2450批训练集的平均损失为 0.5966635501384735
2018-10-30 20:21:35,630 - brc - INFO - 第 2451 到第 2500批训练集的平均损失为 0.6080939000844956
2018-10-30 20:22:44,179 - brc - INFO - 第 2501 到第 2550批训练集的平均损失为 0.6190838658809662
2018-10-30 20:23:51,768 - brc - INFO - 第 2551 到第 2600批训练集的平均损失为 0.5773275023698807
2018-10-30 20:24:59,085 - brc - INFO - 第 2601 到第 2650批训练集的平均损失为 0.5788835871219635
2018-10-30 20:26:04,469 - brc - INFO - 第 2651 到第 2700批训练集的平均损失为 0.582307676076889
2018-10-30 20:27:14,488 - brc - INFO - 第 2701 到第 2750批训练集的平均损失为 0.5815335911512375
2018-10-30 20:28:22,327 - brc - INFO - 第 2751 到第 2800批训练集的平均损失为 0.5758271944522858
2018-10-30 20:29:27,218 - brc - INFO - 第 2801 到第 2850批训练集的平均损失为 0.5920694655179978
2018-10-30 20:30:34,197 - brc - INFO - 第 2851 到第 2900批训练集的平均损失为 0.590665316581726
2018-10-30 20:31:36,064 - brc - INFO - 第 2901 到第 2950批训练集的平均损失为 0.5828169494867325
2018-10-30 20:32:44,737 - brc - INFO - 第 2951 到第 3000批训练集的平均损失为 0.5961178988218307
2018-10-30 20:33:54,436 - brc - INFO - 第 3001 到第 3050批训练集的平均损失为 0.6029371410608292
2018-10-30 20:35:02,483 - brc - INFO - 第 3051 到第 3100批训练集的平均损失为 0.5948050564527512
2018-10-30 20:36:10,056 - brc - INFO - 第 3101 到第 3150批训练集的平均损失为 0.5947381883859635
2018-10-30 20:37:17,205 - brc - INFO - 第 3151 到第 3200批训练集的平均损失为 0.5861814969778061
2018-10-30 20:38:26,014 - brc - INFO - 第 3201 到第 3250批训练集的平均损失为 0.568303438425064
2018-10-30 20:39:30,498 - brc - INFO - 第 3251 到第 3300批训练集的平均损失为 0.592615042924881
2018-10-30 20:40:38,992 - brc - INFO - 第 3301 到第 3350批训练集的平均损失为 0.6045611119270324
2018-10-30 20:41:42,247 - brc - INFO - 第 3351 到第 3400批训练集的平均损失为 0.5922900438308716
2018-10-30 20:42:48,669 - brc - INFO - 第 3401 到第 3450批训练集的平均损失为 0.6013880395889282
2018-10-30 20:43:58,402 - brc - INFO - 第 3451 到第 3500批训练集的平均损失为 0.5870487016439437
2018-10-30 20:45:09,110 - brc - INFO - 第 3501 到第 3550批训练集的平均损失为 0.6089614605903626
2018-10-30 20:46:16,670 - brc - INFO - 第 3551 到第 3600批训练集的平均损失为 0.5835302466154099
2018-10-30 20:47:19,725 - brc - INFO - 第 3601 到第 3650批训练集的平均损失为 0.5873963183164597
2018-10-30 20:48:28,607 - brc - INFO - 第 3651 到第 3700批训练集的平均损失为 0.5696167778968811
2018-10-30 20:49:37,436 - brc - INFO - 第 3701 到第 3750批训练集的平均损失为 0.6078450506925583
2018-10-30 20:50:43,160 - brc - INFO - 第 3751 到第 3800批训练集的平均损失为 0.5817980617284775
2018-10-30 20:51:45,864 - brc - INFO - 第 3801 到第 3850批训练集的平均损失为 0.5560412108898163
2018-10-30 20:52:54,470 - brc - INFO - 该批次的平均训练损失 3 is 0.5929007043655334
2018-10-30 20:56:33,267 - brc - INFO - dev 集合acc 0.7429688021911951
2018-10-30 20:56:33,267 - brc - INFO - dev 集合平均损失0.6320095480352439
2018-10-30 20:56:35,312 - brc - INFO - 保存模型到 ../data/models/, 其前缀为 BIDAF_3.
2018-10-30 20:56:35,312 - brc - INFO - 第4次训练模型 
2018-10-30 20:57:41,164 - brc - INFO - 第 1 到第 50批训练集的平均损失为 0.5215850299596787
2018-10-30 20:58:50,804 - brc - INFO - 第 51 到第 100批训练集的平均损失为 0.5170004761219025
2018-10-30 20:59:55,554 - brc - INFO - 第 101 到第 150批训练集的平均损失为 0.5274516505002975
2018-10-30 21:01:07,945 - brc - INFO - 第 151 到第 200批训练集的平均损失为 0.5019160187244416
2018-10-30 21:02:14,266 - brc - INFO - 第 201 到第 250批训练集的平均损失为 0.534111704826355
2018-10-30 21:03:21,926 - brc - INFO - 第 251 到第 300批训练集的平均损失为 0.535522341132164
2018-10-30 21:04:28,663 - brc - INFO - 第 301 到第 350批训练集的平均损失为 0.5383150070905686
2018-10-30 21:05:37,119 - brc - INFO - 第 351 到第 400批训练集的平均损失为 0.5374224466085434
2018-10-30 21:06:46,127 - brc - INFO - 第 401 到第 450批训练集的平均损失为 0.5206083923578262
2018-10-30 21:07:50,504 - brc - INFO - 第 451 到第 500批训练集的平均损失为 0.5331096243858338
2018-10-30 21:09:00,767 - brc - INFO - 第 501 到第 550批训练集的平均损失为 0.5067762088775635
2018-10-30 21:10:09,237 - brc - INFO - 第 551 到第 600批训练集的平均损失为 0.5186506134271621
2018-10-30 21:11:14,817 - brc - INFO - 第 601 到第 650批训练集的平均损失为 0.537248005270958
2018-10-30 21:12:22,560 - brc - INFO - 第 651 到第 700批训练集的平均损失为 0.5103262096643448
2018-10-30 21:13:27,500 - brc - INFO - 第 701 到第 750批训练集的平均损失为 0.5321822839975358
2018-10-30 21:14:41,829 - brc - INFO - 第 751 到第 800批训练集的平均损失为 0.5256252950429916
2018-10-30 21:15:48,746 - brc - INFO - 第 801 到第 850批训练集的平均损失为 0.5515486252307892
2018-10-30 21:16:55,708 - brc - INFO - 第 851 到第 900批训练集的平均损失为 0.5376684218645096
2018-10-30 21:18:01,589 - brc - INFO - 第 901 到第 950批训练集的平均损失为 0.5284058076143264
2018-10-30 21:19:10,403 - brc - INFO - 第 951 到第 1000批训练集的平均损失为 0.5195578372478485
2018-10-30 21:20:22,380 - brc - INFO - 第 1001 到第 1050批训练集的平均损失为 0.5075515860319137
2018-10-30 21:21:30,808 - brc - INFO - 第 1051 到第 1100批训练集的平均损失为 0.5369853085279465
2018-10-30 21:22:36,002 - brc - INFO - 第 1101 到第 1150批训练集的平均损失为 0.5065467327833175
2018-10-30 21:23:38,966 - brc - INFO - 第 1151 到第 1200批训练集的平均损失为 0.5279982471466065
2018-10-30 21:24:43,698 - brc - INFO - 第 1201 到第 1250批训练集的平均损失为 0.5153669166564941
2018-10-30 21:25:49,690 - brc - INFO - 第 1251 到第 1300批训练集的平均损失为 0.5250863689184189
2018-10-30 21:27:00,315 - brc - INFO - 第 1301 到第 1350批训练集的平均损失为 0.5362119400501251
2018-10-30 21:28:04,669 - brc - INFO - 第 1351 到第 1400批训练集的平均损失为 0.5399605590105057
2018-10-30 21:29:08,591 - brc - INFO - 第 1401 到第 1450批训练集的平均损失为 0.4996514940261841
2018-10-30 21:30:21,440 - brc - INFO - 第 1451 到第 1500批训练集的平均损失为 0.5679731905460358
2018-10-30 21:31:33,920 - brc - INFO - 第 1501 到第 1550批训练集的平均损失为 0.5200924056768418
2018-10-30 21:32:39,275 - brc - INFO - 第 1551 到第 1600批训练集的平均损失为 0.5342282104492188
2018-10-30 21:33:50,640 - brc - INFO - 第 1601 到第 1650批训练集的平均损失为 0.5129298722743988
2018-10-30 21:35:01,574 - brc - INFO - 第 1651 到第 1700批训练集的平均损失为 0.5271647948026658
2018-10-30 21:36:15,275 - brc - INFO - 第 1701 到第 1750批训练集的平均损失为 0.5147172021865845
2018-10-30 21:37:20,815 - brc - INFO - 第 1751 到第 1800批训练集的平均损失为 0.5169056868553161
2018-10-30 21:38:26,118 - brc - INFO - 第 1801 到第 1850批训练集的平均损失为 0.5007343471050263
2018-10-30 21:39:36,410 - brc - INFO - 第 1851 到第 1900批训练集的平均损失为 0.5323048388957977
2018-10-30 21:40:44,252 - brc - INFO - 第 1901 到第 1950批训练集的平均损失为 0.5161964219808578
2018-10-30 21:41:51,207 - brc - INFO - 第 1951 到第 2000批训练集的平均损失为 0.5206728959083557
2018-10-30 21:42:57,851 - brc - INFO - 第 2001 到第 2050批训练集的平均损失为 0.5379202002286911
2018-10-30 21:44:07,067 - brc - INFO - 第 2051 到第 2100批训练集的平均损失为 0.5369493323564529
2018-10-30 21:45:17,150 - brc - INFO - 第 2101 到第 2150批训练集的平均损失为 0.5402675640583038
2018-10-30 21:46:24,524 - brc - INFO - 第 2151 到第 2200批训练集的平均损失为 0.5566668975353241
2018-10-30 21:47:33,615 - brc - INFO - 第 2201 到第 2250批训练集的平均损失为 0.542611050605774
2018-10-30 21:48:35,448 - brc - INFO - 第 2251 到第 2300批训练集的平均损失为 0.5022974663972855
2018-10-30 21:49:42,210 - brc - INFO - 第 2301 到第 2350批训练集的平均损失为 0.5051360338926315
2018-10-30 21:50:48,564 - brc - INFO - 第 2351 到第 2400批训练集的平均损失为 0.5431433403491974
2018-10-30 21:52:01,509 - brc - INFO - 第 2401 到第 2450批训练集的平均损失为 0.5271948611736298
2018-10-30 21:53:10,853 - brc - INFO - 第 2451 到第 2500批训练集的平均损失为 0.5369808721542358
2018-10-30 21:54:24,730 - brc - INFO - 第 2501 到第 2550批训练集的平均损失为 0.5283119839429855
2018-10-30 21:55:29,191 - brc - INFO - 第 2551 到第 2600批训练集的平均损失为 0.5276211827993393
2018-10-30 21:56:38,316 - brc - INFO - 第 2601 到第 2650批训练集的平均损失为 0.5549003726243973
2018-10-30 21:57:43,700 - brc - INFO - 第 2651 到第 2700批训练集的平均损失为 0.5191224932670593
2018-10-30 21:58:51,706 - brc - INFO - 第 2701 到第 2750批训练集的平均损失为 0.5188342106342315
2018-10-30 22:00:00,724 - brc - INFO - 第 2751 到第 2800批训练集的平均损失为 0.5033303362131119
2018-10-30 22:01:11,368 - brc - INFO - 第 2801 到第 2850批训练集的平均损失为 0.5178009033203125
2018-10-30 22:02:20,676 - brc - INFO - 第 2851 到第 2900批训练集的平均损失为 0.5497024619579315
2018-10-30 22:03:28,312 - brc - INFO - 第 2901 到第 2950批训练集的平均损失为 0.5331348443031311
2018-10-30 22:04:34,107 - brc - INFO - 第 2951 到第 3000批训练集的平均损失为 0.5346607571840286
2018-10-30 22:05:43,373 - brc - INFO - 第 3001 到第 3050批训练集的平均损失为 0.5297643500566482
2018-10-30 22:06:48,209 - brc - INFO - 第 3051 到第 3100批训练集的平均损失为 0.5239767581224442
2018-10-30 22:08:00,465 - brc - INFO - 第 3101 到第 3150批训练集的平均损失为 0.5454499685764312
2018-10-30 22:09:09,662 - brc - INFO - 第 3151 到第 3200批训练集的平均损失为 0.5605502021312714
2018-10-30 22:10:10,508 - brc - INFO - 第 3201 到第 3250批训练集的平均损失为 0.5248893105983734
2018-10-30 22:11:15,443 - brc - INFO - 第 3251 到第 3300批训练集的平均损失为 0.5371751666069031
2018-10-30 22:12:20,410 - brc - INFO - 第 3301 到第 3350批训练集的平均损失为 0.5267308419942855
2018-10-30 22:13:34,812 - brc - INFO - 第 3351 到第 3400批训练集的平均损失为 0.5457445931434631
2018-10-30 22:14:41,687 - brc - INFO - 第 3401 到第 3450批训练集的平均损失为 0.5179869383573532
2018-10-30 22:15:52,380 - brc - INFO - 第 3451 到第 3500批训练集的平均损失为 0.5263213205337525
2018-10-30 22:17:05,523 - brc - INFO - 第 3501 到第 3550批训练集的平均损失为 0.5411671322584152
2018-10-30 22:18:12,594 - brc - INFO - 第 3551 到第 3600批训练集的平均损失为 0.5183660387992859
2018-10-30 22:19:32,048 - brc - INFO - 第 3601 到第 3650批训练集的平均损失为 0.5447049617767334
2018-10-30 22:20:35,443 - brc - INFO - 第 3651 到第 3700批训练集的平均损失为 0.5076429373025895
2018-10-30 22:21:42,354 - brc - INFO - 第 3701 到第 3750批训练集的平均损失为 0.5420019561052323
2018-10-30 22:22:50,831 - brc - INFO - 第 3751 到第 3800批训练集的平均损失为 0.5053447794914245
2018-10-30 22:23:59,369 - brc - INFO - 第 3801 到第 3850批训练集的平均损失为 0.5358333230018616
2018-10-30 22:25:06,957 - brc - INFO - 该批次的平均训练损失 4 is 0.5280746896908087
2018-10-30 22:28:47,542 - brc - INFO - dev 集合acc 0.7447057251653417
2018-10-30 22:28:47,543 - brc - INFO - dev 集合平均损失0.6583484697735328
2018-10-30 22:28:49,397 - brc - INFO - 保存模型到 ../data/models/, 其前缀为 BIDAF_4.
2018-10-30 22:28:49,397 - brc - INFO - 第5次训练模型 
2018-10-30 22:30:00,867 - brc - INFO - 第 1 到第 50批训练集的平均损失为 0.43664915323257447
2018-10-30 22:31:03,917 - brc - INFO - 第 51 到第 100批训练集的平均损失为 0.4353687426447868
2018-10-30 22:32:17,200 - brc - INFO - 第 101 到第 150批训练集的平均损失为 0.465291668176651
2018-10-30 22:33:28,477 - brc - INFO - 第 151 到第 200批训练集的平均损失为 0.4247892099618912
2018-10-30 22:34:40,991 - brc - INFO - 第 201 到第 250批训练集的平均损失为 0.43780972331762313
2018-10-30 22:35:48,480 - brc - INFO - 第 251 到第 300批训练集的平均损失为 0.452347514629364
2018-10-30 22:36:55,275 - brc - INFO - 第 301 到第 350批训练集的平均损失为 0.4299203389883041
2018-10-30 22:38:04,910 - brc - INFO - 第 351 到第 400批训练集的平均损失为 0.419244601726532
2018-10-30 22:39:14,412 - brc - INFO - 第 401 到第 450批训练集的平均损失为 0.4418485790491104
2018-10-30 22:40:30,033 - brc - INFO - 第 451 到第 500批训练集的平均损失为 0.4318201097846031
2018-10-30 22:41:36,747 - brc - INFO - 第 501 到第 550批训练集的平均损失为 0.4497954136133194
2018-10-30 22:42:48,027 - brc - INFO - 第 551 到第 600批训练集的平均损失为 0.4044573199748993
2018-10-30 22:43:51,742 - brc - INFO - 第 601 到第 650批训练集的平均损失为 0.4132932376861572
2018-10-30 22:44:59,700 - brc - INFO - 第 651 到第 700批训练集的平均损失为 0.4384113371372223
2018-10-30 22:46:07,756 - brc - INFO - 第 701 到第 750批训练集的平均损失为 0.4062202674150467
2018-10-30 22:47:16,844 - brc - INFO - 第 751 到第 800批训练集的平均损失为 0.4360367202758789
2018-10-30 22:48:24,474 - brc - INFO - 第 801 到第 850批训练集的平均损失为 0.457205508351326
2018-10-30 22:49:31,152 - brc - INFO - 第 851 到第 900批训练集的平均损失为 0.44627097368240354
2018-10-30 22:50:33,569 - brc - INFO - 第 901 到第 950批训练集的平均损失为 0.4406281399726868
2018-10-30 22:51:50,523 - brc - INFO - 第 951 到第 1000批训练集的平均损失为 0.42434891164302824
2018-10-30 22:52:58,217 - brc - INFO - 第 1001 到第 1050批训练集的平均损失为 0.4585287395119667
2018-10-30 22:54:00,127 - brc - INFO - 第 1051 到第 1100批训练集的平均损失为 0.44854275196790694
2018-10-30 22:55:07,670 - brc - INFO - 第 1101 到第 1150批训练集的平均损失为 0.44670257210731507
2018-10-30 22:56:14,999 - brc - INFO - 第 1151 到第 1200批训练集的平均损失为 0.44436070561408997
2018-10-30 22:57:22,082 - brc - INFO - 第 1201 到第 1250批训练集的平均损失为 0.47520731031894686
2018-10-30 22:58:27,674 - brc - INFO - 第 1251 到第 1300批训练集的平均损失为 0.39547267645597456
2018-10-30 22:59:37,610 - brc - INFO - 第 1301 到第 1350批训练集的平均损失为 0.4227655127644539
2018-10-30 23:00:43,636 - brc - INFO - 第 1351 到第 1400批训练集的平均损失为 0.4497479119896889
2018-10-30 23:01:51,799 - brc - INFO - 第 1401 到第 1450批训练集的平均损失为 0.4461017566919327
2018-10-30 23:03:05,327 - brc - INFO - 第 1451 到第 1500批训练集的平均损失为 0.4336063492298126
2018-10-30 23:04:16,926 - brc - INFO - 第 1501 到第 1550批训练集的平均损失为 0.4367841815948486
2018-10-30 23:05:29,448 - brc - INFO - 第 1551 到第 1600批训练集的平均损失为 0.42459126859903334
2018-10-30 23:06:38,546 - brc - INFO - 第 1601 到第 1650批训练集的平均损失为 0.4202049571275711
2018-10-30 23:07:43,156 - brc - INFO - 第 1651 到第 1700批训练集的平均损失为 0.43966937154531477
2018-10-30 23:08:54,646 - brc - INFO - 第 1701 到第 1750批训练集的平均损失为 0.459567563533783
2018-10-30 23:10:00,664 - brc - INFO - 第 1751 到第 1800批训练集的平均损失为 0.43724314391613006
2018-10-30 23:11:17,483 - brc - INFO - 第 1801 到第 1850批训练集的平均损失为 0.43376169085502625
2018-10-30 23:12:23,603 - brc - INFO - 第 1851 到第 1900批训练集的平均损失为 0.44211129903793334
2018-10-30 23:13:31,993 - brc - INFO - 第 1901 到第 1950批训练集的平均损失为 0.4286502194404602
2018-10-30 23:14:35,988 - brc - INFO - 第 1951 到第 2000批训练集的平均损失为 0.4200493228435516
2018-10-30 23:15:48,543 - brc - INFO - 第 2001 到第 2050批训练集的平均损失为 0.4305011969804764
2018-10-30 23:16:55,382 - brc - INFO - 第 2051 到第 2100批训练集的平均损失为 0.4216257828474045
2018-10-30 23:18:03,580 - brc - INFO - 第 2101 到第 2150批训练集的平均损失为 0.41883265286684035
2018-10-30 23:19:13,012 - brc - INFO - 第 2151 到第 2200批训练集的平均损失为 0.4411266702413559
2018-10-30 23:20:22,590 - brc - INFO - 第 2201 到第 2250批训练集的平均损失为 0.4287884205579758
2018-10-30 23:21:33,936 - brc - INFO - 第 2251 到第 2300批训练集的平均损失为 0.4460026443004608
2018-10-30 23:22:47,607 - brc - INFO - 第 2301 到第 2350批训练集的平均损失为 0.4554456853866577
2018-10-30 23:23:57,419 - brc - INFO - 第 2351 到第 2400批训练集的平均损失为 0.4216386431455612
2018-10-30 23:24:59,891 - brc - INFO - 第 2401 到第 2450批训练集的平均损失为 0.4228973391652107
2018-10-30 23:26:07,789 - brc - INFO - 第 2451 到第 2500批训练集的平均损失为 0.43162045419216155
2018-10-30 23:27:10,293 - brc - INFO - 第 2501 到第 2550批训练集的平均损失为 0.4438470643758774
2018-10-30 23:28:15,241 - brc - INFO - 第 2551 到第 2600批训练集的平均损失为 0.4468297624588013
2018-10-30 23:29:22,952 - brc - INFO - 第 2601 到第 2650批训练集的平均损失为 0.47370762169361114
2018-10-30 23:30:31,138 - brc - INFO - 第 2651 到第 2700批训练集的平均损失为 0.44373603105545045
2018-10-30 23:31:43,964 - brc - INFO - 第 2701 到第 2750批训练集的平均损失为 0.4516489070653915
2018-10-30 23:32:52,936 - brc - INFO - 第 2751 到第 2800批训练集的平均损失为 0.4583300787210465
2018-10-30 23:33:54,190 - brc - INFO - 第 2801 到第 2850批训练集的平均损失为 0.4601046848297119
2018-10-30 23:34:58,144 - brc - INFO - 第 2851 到第 2900批训练集的平均损失为 0.44806573808193206
2018-10-30 23:36:09,870 - brc - INFO - 第 2901 到第 2950批训练集的平均损失为 0.4274431347846985
2018-10-30 23:37:18,266 - brc - INFO - 第 2951 到第 3000批训练集的平均损失为 0.4469641733169556
2018-10-30 23:38:24,048 - brc - INFO - 第 3001 到第 3050批训练集的平均损失为 0.4565518641471863
2018-10-30 23:39:35,214 - brc - INFO - 第 3051 到第 3100批训练集的平均损失为 0.42883934199810025
2018-10-30 23:40:47,493 - brc - INFO - 第 3101 到第 3150批训练集的平均损失为 0.46886023104190827
2018-10-30 23:41:51,634 - brc - INFO - 第 3151 到第 3200批训练集的平均损失为 0.4428950667381287
2018-10-30 23:42:59,898 - brc - INFO - 第 3201 到第 3250批训练集的平均损失为 0.4404537558555603
2018-10-30 23:44:09,131 - brc - INFO - 第 3251 到第 3300批训练集的平均损失为 0.46319175451993944
2018-10-30 23:45:13,785 - brc - INFO - 第 3301 到第 3350批训练集的平均损失为 0.44950505524873735
2018-10-30 23:46:25,625 - brc - INFO - 第 3351 到第 3400批训练集的平均损失为 0.4300568950176239
2018-10-30 23:47:31,298 - brc - INFO - 第 3401 到第 3450批训练集的平均损失为 0.4639283710718155
2018-10-30 23:48:33,167 - brc - INFO - 第 3451 到第 3500批训练集的平均损失为 0.4562769144773483
2018-10-30 23:49:42,914 - brc - INFO - 第 3501 到第 3550批训练集的平均损失为 0.4382641786336899
2018-10-30 23:50:50,514 - brc - INFO - 第 3551 到第 3600批训练集的平均损失为 0.461595458984375
2018-10-30 23:51:59,878 - brc - INFO - 第 3601 到第 3650批训练集的平均损失为 0.45365261256694794
2018-10-30 23:53:13,636 - brc - INFO - 第 3651 到第 3700批训练集的平均损失为 0.4332043957710266
2018-10-30 23:54:21,477 - brc - INFO - 第 3701 到第 3750批训练集的平均损失为 0.4503212094306946
2018-10-30 23:55:34,536 - brc - INFO - 第 3751 到第 3800批训练集的平均损失为 0.43330543756484985
2018-10-30 23:56:45,468 - brc - INFO - 第 3801 到第 3850批训练集的平均损失为 0.4480341029167175
2018-10-30 23:57:51,758 - brc - INFO - 该批次的平均训练损失 5 is 0.43988818838024896
2018-10-31 00:01:31,602 - brc - INFO - dev 集合acc 0.7392945420535774
2018-10-31 00:01:31,603 - brc - INFO - dev 集合平均损失0.7286307720313275
2018-10-31 00:01:33,587 - brc - INFO - 保存模型到 ../data/models/, 其前缀为 BIDAF_5.
2018-10-31 00:01:33,588 - brc - INFO - 第6次训练模型 
2018-10-31 00:02:41,077 - brc - INFO - 第 1 到第 50批训练集的平均损失为 0.3386606976389885
2018-10-31 00:03:47,297 - brc - INFO - 第 51 到第 100批训练集的平均损失为 0.32113640069961547
2018-10-31 00:04:57,326 - brc - INFO - 第 101 到第 150批训练集的平均损失为 0.3111091709136963
2018-10-31 00:06:09,270 - brc - INFO - 第 151 到第 200批训练集的平均损失为 0.319050233066082
2018-10-31 00:07:16,222 - brc - INFO - 第 201 到第 250批训练集的平均损失为 0.29956115752458573
2018-10-31 00:08:25,662 - brc - INFO - 第 251 到第 300批训练集的平均损失为 0.31420840591192245
2018-10-31 00:09:35,259 - brc - INFO - 第 301 到第 350批训练集的平均损失为 0.32095193952322004
2018-10-31 00:10:43,410 - brc - INFO - 第 351 到第 400批训练集的平均损失为 0.3215872049331665
2018-10-31 00:11:49,862 - brc - INFO - 第 401 到第 450批训练集的平均损失为 0.3269731938838959
2018-10-31 00:12:57,568 - brc - INFO - 第 451 到第 500批训练集的平均损失为 0.30635119050741194
2018-10-31 00:14:11,403 - brc - INFO - 第 501 到第 550批训练集的平均损失为 0.3297420597076416
2018-10-31 00:15:19,061 - brc - INFO - 第 551 到第 600批训练集的平均损失为 0.31392308592796325
2018-10-31 00:16:28,088 - brc - INFO - 第 601 到第 650批训练集的平均损失为 0.3273917704820633
2018-10-31 00:17:33,457 - brc - INFO - 第 651 到第 700批训练集的平均损失为 0.3359460592269897
2018-10-31 00:18:42,283 - brc - INFO - 第 701 到第 750批训练集的平均损失为 0.3462411454319954
2018-10-31 00:19:48,626 - brc - INFO - 第 751 到第 800批训练集的平均损失为 0.3255711215734482
2018-10-31 00:20:56,458 - brc - INFO - 第 801 到第 850批训练集的平均损失为 0.33115087628364565
2018-10-31 00:22:09,590 - brc - INFO - 第 851 到第 900批训练集的平均损失为 0.3313399654626846
2018-10-31 00:23:19,690 - brc - INFO - 第 901 到第 950批训练集的平均损失为 0.33217361584305766
2018-10-31 00:24:23,259 - brc - INFO - 第 951 到第 1000批训练集的平均损失为 0.3441999642550945
2018-10-31 00:25:27,797 - brc - INFO - 第 1001 到第 1050批训练集的平均损失为 0.3347730727493763
2018-10-31 00:26:38,698 - brc - INFO - 第 1051 到第 1100批训练集的平均损失为 0.3413516065478325
2018-10-31 00:27:43,768 - brc - INFO - 第 1101 到第 1150批训练集的平均损失为 0.323142905831337
2018-10-31 00:28:54,423 - brc - INFO - 第 1151 到第 1200批训练集的平均损失为 0.34018699765205385
2018-10-31 00:30:02,316 - brc - INFO - 第 1201 到第 1250批训练集的平均损失为 0.33496496707201007
2018-10-31 00:31:12,077 - brc - INFO - 第 1251 到第 1300批训练集的平均损失为 0.32957300573587417
2018-10-31 00:32:15,184 - brc - INFO - 第 1301 到第 1350批训练集的平均损失为 0.3373327499628067
2018-10-31 00:33:29,035 - brc - INFO - 第 1351 到第 1400批训练集的平均损失为 0.3273199912905693
2018-10-31 00:34:36,657 - brc - INFO - 第 1401 到第 1450批训练集的平均损失为 0.3427772530913353
2018-10-31 00:35:40,655 - brc - INFO - 第 1451 到第 1500批训练集的平均损失为 0.36067971140146254
2018-10-31 00:36:43,706 - brc - INFO - 第 1501 到第 1550批训练集的平均损失为 0.33414746522903443
2018-10-31 00:37:51,597 - brc - INFO - 第 1551 到第 1600批训练集的平均损失为 0.3411172676086426
2018-10-31 00:38:57,515 - brc - INFO - 第 1601 到第 1650批训练集的平均损失为 0.3261350217461586
2018-10-31 00:40:04,056 - brc - INFO - 第 1651 到第 1700批训练集的平均损失为 0.3359521660208702
2018-10-31 00:41:18,058 - brc - INFO - 第 1701 到第 1750批训练集的平均损失为 0.33162171602249146
2018-10-31 00:42:19,249 - brc - INFO - 第 1751 到第 1800批训练集的平均损失为 0.3328318101167679
2018-10-31 00:43:30,017 - brc - INFO - 第 1801 到第 1850批训练集的平均损失为 0.3446091988682747
2018-10-31 00:44:37,918 - brc - INFO - 第 1851 到第 1900批训练集的平均损失为 0.33492995262145997
2018-10-31 00:45:45,836 - brc - INFO - 第 1901 到第 1950批训练集的平均损失为 0.3249613133072853
2018-10-31 00:46:53,410 - brc - INFO - 第 1951 到第 2000批训练集的平均损失为 0.3050645440816879
2018-10-31 00:48:02,565 - brc - INFO - 第 2001 到第 2050批训练集的平均损失为 0.3271286392211914
2018-10-31 00:49:10,334 - brc - INFO - 第 2051 到第 2100批训练集的平均损失为 0.35175281286239624
2018-10-31 00:50:17,601 - brc - INFO - 第 2101 到第 2150批训练集的平均损失为 0.33760996282100675
2018-10-31 00:51:27,393 - brc - INFO - 第 2151 到第 2200批训练集的平均损失为 0.350841823220253
2018-10-31 00:52:36,192 - brc - INFO - 第 2201 到第 2250批训练集的平均损失为 0.3347385385632515
2018-10-31 00:53:48,837 - brc - INFO - 第 2251 到第 2300批训练集的平均损失为 0.34655444115400313
2018-10-31 00:54:55,464 - brc - INFO - 第 2301 到第 2350批训练集的平均损失为 0.35253905683755876
2018-10-31 00:55:57,380 - brc - INFO - 第 2351 到第 2400批训练集的平均损失为 0.3430104294419289
2018-10-31 00:57:04,901 - brc - INFO - 第 2401 到第 2450批训练集的平均损失为 0.3207877758145332
2018-10-31 00:58:13,905 - brc - INFO - 第 2451 到第 2500批训练集的平均损失为 0.33553289115428925
2018-10-31 00:59:25,583 - brc - INFO - 第 2501 到第 2550批训练集的平均损失为 0.34006542921066285
2018-10-31 01:00:33,300 - brc - INFO - 第 2551 到第 2600批训练集的平均损失为 0.3560525906085968
2018-10-31 01:01:37,991 - brc - INFO - 第 2601 到第 2650批训练集的平均损失为 0.33653551667928694
2018-10-31 01:02:57,280 - brc - INFO - 第 2651 到第 2700批训练集的平均损失为 0.3566228595376015
2018-10-31 01:04:03,397 - brc - INFO - 第 2701 到第 2750批训练集的平均损失为 0.34408676862716675
2018-10-31 01:05:11,087 - brc - INFO - 第 2751 到第 2800批训练集的平均损失为 0.34411103159189227
2018-10-31 01:06:24,037 - brc - INFO - 第 2801 到第 2850批训练集的平均损失为 0.36029974430799483
2018-10-31 01:07:31,503 - brc - INFO - 第 2851 到第 2900批训练集的平均损失为 0.34620794594287874
2018-10-31 01:08:40,757 - brc - INFO - 第 2901 到第 2950批训练集的平均损失为 0.33871477991342547
2018-10-31 01:09:45,661 - brc - INFO - 第 2951 到第 3000批训练集的平均损失为 0.3374459543824196
2018-10-31 01:10:51,616 - brc - INFO - 第 3001 到第 3050批训练集的平均损失为 0.3664538839459419
2018-10-31 01:12:03,187 - brc - INFO - 第 3051 到第 3100批训练集的平均损失为 0.3288568553328514
2018-10-31 01:13:06,452 - brc - INFO - 第 3101 到第 3150批训练集的平均损失为 0.3298645952343941
2018-10-31 01:14:13,279 - brc - INFO - 第 3151 到第 3200批训练集的平均损失为 0.3391241100430489
2018-10-31 01:15:16,324 - brc - INFO - 第 3201 到第 3250批训练集的平均损失为 0.33484375596046445
2018-10-31 01:16:24,575 - brc - INFO - 第 3251 到第 3300批训练集的平均损失为 0.35628381222486494
2018-10-31 01:17:33,310 - brc - INFO - 第 3301 到第 3350批训练集的平均损失为 0.34701727211475375
2018-10-31 01:18:40,282 - brc - INFO - 第 3351 到第 3400批训练集的平均损失为 0.35028826802968976
2018-10-31 01:19:50,483 - brc - INFO - 第 3401 到第 3450批训练集的平均损失为 0.339969719350338
2018-10-31 01:20:57,215 - brc - INFO - 第 3451 到第 3500批训练集的平均损失为 0.3749210599064827
2018-10-31 01:22:10,283 - brc - INFO - 第 3501 到第 3550批训练集的平均损失为 0.3454708656668663
2018-10-31 01:23:20,878 - brc - INFO - 第 3551 到第 3600批训练集的平均损失为 0.3295920777320862
2018-10-31 01:24:31,954 - brc - INFO - 第 3601 到第 3650批训练集的平均损失为 0.3511108115315437
2018-10-31 01:25:34,452 - brc - INFO - 第 3651 到第 3700批训练集的平均损失为 0.3636839732527733
2018-10-31 01:26:45,075 - brc - INFO - 第 3701 到第 3750批训练集的平均损失为 0.35106019854545595
2018-10-31 01:27:59,741 - brc - INFO - 第 3751 到第 3800批训练集的平均损失为 0.34527233690023423
2018-10-31 01:29:12,338 - brc - INFO - 第 3801 到第 3850批训练集的平均损失为 0.3688430291414261
2018-10-31 01:30:22,031 - brc - INFO - 该批次的平均训练损失 6 is 0.337348770403598
2018-10-31 01:34:02,670 - brc - INFO - dev 集合acc 0.7400627964459884
2018-10-31 01:34:02,671 - brc - INFO - dev 集合平均损失0.7674892528619817
2018-10-31 01:34:04,756 - brc - INFO - 保存模型到 ../data/models/, 其前缀为 BIDAF_6.
2018-10-31 01:34:04,757 - brc - INFO - 第7次训练模型 
2018-10-31 01:35:16,279 - brc - INFO - 第 1 到第 50批训练集的平均损失为 0.23544481992721558
2018-10-31 01:36:25,658 - brc - INFO - 第 51 到第 100批训练集的平均损失为 0.1939643955230713
2018-10-31 01:37:35,655 - brc - INFO - 第 101 到第 150批训练集的平均损失为 0.2147177527844906
2018-10-31 01:38:41,208 - brc - INFO - 第 151 到第 200批训练集的平均损失为 0.20344751954078674
2018-10-31 01:39:52,943 - brc - INFO - 第 201 到第 250批训练集的平均损失为 0.2084824600815773
2018-10-31 01:41:02,150 - brc - INFO - 第 251 到第 300批训练集的平均损失为 0.1869261620938778
2018-10-31 01:42:08,839 - brc - INFO - 第 301 到第 350批训练集的平均损失为 0.20819536134600639
2018-10-31 01:43:16,020 - brc - INFO - 第 351 到第 400批训练集的平均损失为 0.2006952004879713
2018-10-31 01:44:26,516 - brc - INFO - 第 401 到第 450批训练集的平均损失为 0.2047575245797634
2018-10-31 01:45:38,732 - brc - INFO - 第 451 到第 500批训练集的平均损失为 0.22955836951732636
2018-10-31 01:46:49,146 - brc - INFO - 第 501 到第 550批训练集的平均损失为 0.22452846467494963
2018-10-31 01:47:50,009 - brc - INFO - 第 551 到第 600批训练集的平均损失为 0.2278311263024807
2018-10-31 01:49:04,159 - brc - INFO - 第 601 到第 650批训练集的平均损失为 0.21971217602491377
2018-10-31 01:50:19,530 - brc - INFO - 第 651 到第 700批训练集的平均损失为 0.21665939658880234
2018-10-31 01:51:28,491 - brc - INFO - 第 701 到第 750批训练集的平均损失为 0.232362000644207
2018-10-31 01:52:36,497 - brc - INFO - 第 751 到第 800批训练集的平均损失为 0.20926279738545417
2018-10-31 01:53:49,824 - brc - INFO - 第 801 到第 850批训练集的平均损失为 0.24009903252124787
2018-10-31 01:55:01,685 - brc - INFO - 第 851 到第 900批训练集的平均损失为 0.21881128393113614
2018-10-31 01:56:06,839 - brc - INFO - 第 901 到第 950批训练集的平均损失为 0.2227533230185509
2018-10-31 01:57:08,993 - brc - INFO - 第 951 到第 1000批训练集的平均损失为 0.23857812955975533
2018-10-31 01:58:14,706 - brc - INFO - 第 1001 到第 1050批训练集的平均损失为 0.2611461079120636
2018-10-31 01:59:19,189 - brc - INFO - 第 1051 到第 1100批训练集的平均损失为 0.24851760730147363
2018-10-31 02:00:24,450 - brc - INFO - 第 1101 到第 1150批训练集的平均损失为 0.2184167017042637
2018-10-31 02:01:34,855 - brc - INFO - 第 1151 到第 1200批训练集的平均损失为 0.22421755000948906
2018-10-31 02:02:47,852 - brc - INFO - 第 1201 到第 1250批训练集的平均损失为 0.24521834164857864
2018-10-31 02:03:55,342 - brc - INFO - 第 1251 到第 1300批训练集的平均损失为 0.23953201472759247
2018-10-31 02:05:09,516 - brc - INFO - 第 1301 到第 1350批训练集的平均损失为 0.2511004301905632
2018-10-31 02:06:20,867 - brc - INFO - 第 1351 到第 1400批训练集的平均损失为 0.22195187002420425
2018-10-31 02:07:31,434 - brc - INFO - 第 1401 到第 1450批训练集的平均损失为 0.2484060063958168
2018-10-31 02:08:39,541 - brc - INFO - 第 1451 到第 1500批训练集的平均损失为 0.2475437967479229
2018-10-31 02:09:53,429 - brc - INFO - 第 1501 到第 1550批训练集的平均损失为 0.21552553474903108
2018-10-31 02:10:57,067 - brc - INFO - 第 1551 到第 1600批训练集的平均损失为 0.25170576721429827
2018-10-31 02:12:04,132 - brc - INFO - 第 1601 到第 1650批训练集的平均损失为 0.24698172464966775
2018-10-31 02:13:11,946 - brc - INFO - 第 1651 到第 1700批训练集的平均损失为 0.24659524545073508
2018-10-31 02:14:22,244 - brc - INFO - 第 1701 到第 1750批训练集的平均损失为 0.25982143737375735
2018-10-31 02:15:27,559 - brc - INFO - 第 1751 到第 1800批训练集的平均损失为 0.2484867936372757
2018-10-31 02:16:36,006 - brc - INFO - 第 1801 到第 1850批训练集的平均损失为 0.23928992867469787
2018-10-31 02:17:46,447 - brc - INFO - 第 1851 到第 1900批训练集的平均损失为 0.23202787175774575
2018-10-31 02:18:51,353 - brc - INFO - 第 1901 到第 1950批训练集的平均损失为 0.2621384124457836
2018-10-31 02:19:58,491 - brc - INFO - 第 1951 到第 2000批训练集的平均损失为 0.24734846726059914
2018-10-31 02:21:05,761 - brc - INFO - 第 2001 到第 2050批训练集的平均损失为 0.2553878602385521
2018-10-31 02:22:17,927 - brc - INFO - 第 2051 到第 2100批训练集的平均损失为 0.26424179375171664
2018-10-31 02:23:27,975 - brc - INFO - 第 2101 到第 2150批训练集的平均损失为 0.22095331206917762
2018-10-31 02:24:40,918 - brc - INFO - 第 2151 到第 2200批训练集的平均损失为 0.25666546925902367
2018-10-31 02:25:48,226 - brc - INFO - 第 2201 到第 2250批训练集的平均损失为 0.2664316064119339
2018-10-31 02:26:53,582 - brc - INFO - 第 2251 到第 2300批训练集的平均损失为 0.2515898245573044
2018-10-31 02:28:03,264 - brc - INFO - 第 2301 到第 2350批训练集的平均损失为 0.23807866126298904
2018-10-31 02:29:09,422 - brc - INFO - 第 2351 到第 2400批训练集的平均损失为 0.24780823349952696
2018-10-31 02:30:17,769 - brc - INFO - 第 2401 到第 2450批训练集的平均损失为 0.24325140193104744
2018-10-31 02:31:30,052 - brc - INFO - 第 2451 到第 2500批训练集的平均损失为 0.24541826903820038
2018-10-31 02:32:33,736 - brc - INFO - 第 2501 到第 2550批训练集的平均损失为 0.2526127910614014
2018-10-31 02:33:39,887 - brc - INFO - 第 2551 到第 2600批训练集的平均损失为 0.2564059770107269
2018-10-31 02:34:49,551 - brc - INFO - 第 2601 到第 2650批训练集的平均损失为 0.2659341803193092
2018-10-31 02:36:04,203 - brc - INFO - 第 2651 到第 2700批训练集的平均损失为 0.2652185627818108
2018-10-31 02:37:13,542 - brc - INFO - 第 2701 到第 2750批训练集的平均损失为 0.2436898469924927
2018-10-31 02:38:24,497 - brc - INFO - 第 2751 到第 2800批训练集的平均损失为 0.26138191789388654
2018-10-31 02:39:36,882 - brc - INFO - 第 2801 到第 2850批训练集的平均损失为 0.2544573763012886
2018-10-31 02:40:43,360 - brc - INFO - 第 2851 到第 2900批训练集的平均损失为 0.2553647939860821
2018-10-31 02:41:49,720 - brc - INFO - 第 2901 到第 2950批训练集的平均损失为 0.2615491653978825
2018-10-31 02:42:59,199 - brc - INFO - 第 2951 到第 3000批训练集的平均损失为 0.2571429932117462
2018-10-31 02:44:01,726 - brc - INFO - 第 3001 到第 3050批训练集的平均损失为 0.2572149159014225
2018-10-31 02:45:12,669 - brc - INFO - 第 3051 到第 3100批训练集的平均损失为 0.26077588081359865
2018-10-31 02:46:18,954 - brc - INFO - 第 3101 到第 3150批训练集的平均损失为 0.26551404029130937
2018-10-31 02:47:26,786 - brc - INFO - 第 3151 到第 3200批训练集的平均损失为 0.250982880294323
2018-10-31 02:48:32,784 - brc - INFO - 第 3201 到第 3250批训练集的平均损失为 0.23195165321230887
2018-10-31 02:49:42,953 - brc - INFO - 第 3251 到第 3300批训练集的平均损失为 0.2697673887014389
2018-10-31 02:50:52,868 - brc - INFO - 第 3301 到第 3350批训练集的平均损失为 0.25684543639421464
2018-10-31 02:52:01,079 - brc - INFO - 第 3351 到第 3400批训练集的平均损失为 0.26142507076263427
2018-10-31 02:53:07,051 - brc - INFO - 第 3401 到第 3450批训练集的平均损失为 0.25212141141295435
2018-10-31 02:54:16,664 - brc - INFO - 第 3451 到第 3500批训练集的平均损失为 0.2774703812599182
2018-10-31 02:55:29,281 - brc - INFO - 第 3501 到第 3550批训练集的平均损失为 0.2387565279006958
2018-10-31 02:56:39,399 - brc - INFO - 第 3551 到第 3600批训练集的平均损失为 0.26760002672672273
2018-10-31 02:57:47,707 - brc - INFO - 第 3601 到第 3650批训练集的平均损失为 0.2550313539803028
2018-10-31 02:59:01,434 - brc - INFO - 第 3651 到第 3700批训练集的平均损失为 0.2657613852620125
2018-10-31 03:00:14,669 - brc - INFO - 第 3701 到第 3750批训练集的平均损失为 0.2552227985858917
2018-10-31 03:01:20,162 - brc - INFO - 第 3751 到第 3800批训练集的平均损失为 0.25894473388791084
2018-10-31 03:02:23,831 - brc - INFO - 第 3801 到第 3850批训练集的平均损失为 0.26881274789571763
2018-10-31 03:03:29,391 - brc - INFO - 该批次的平均训练损失 7 is 0.24258212419938077
2018-10-31 03:07:14,142 - brc - INFO - dev 集合acc 0.7221591288663237
2018-10-31 03:07:14,142 - brc - INFO - dev 集合平均损失0.9635241762161
2018-10-31 03:07:16,122 - brc - INFO - 保存模型到 ../data/models/, 其前缀为 BIDAF_7.
2018-10-31 03:07:16,122 - brc - INFO - 第8次训练模型 
2018-10-31 03:08:26,858 - brc - INFO - 第 1 到第 50批训练集的平均损失为 0.1560255791246891
2018-10-31 03:09:29,825 - brc - INFO - 第 51 到第 100批训练集的平均损失为 0.14228951916098595
2018-10-31 03:10:36,013 - brc - INFO - 第 101 到第 150批训练集的平均损失为 0.15708078920841217
2018-10-31 03:11:41,640 - brc - INFO - 第 151 到第 200批训练集的平均损失为 0.1624732042849064
2018-10-31 03:12:52,108 - brc - INFO - 第 201 到第 250批训练集的平均损失为 0.14572211317718028
2018-10-31 03:13:58,212 - brc - INFO - 第 251 到第 300批训练集的平均损失为 0.15266200982034206
2018-10-31 03:15:20,510 - brc - INFO - 第 301 到第 350批训练集的平均损失为 0.15799040079116822
2018-10-31 03:16:29,671 - brc - INFO - 第 351 到第 400批训练集的平均损失为 0.15480564765632152
2018-10-31 03:17:40,106 - brc - INFO - 第 401 到第 450批训练集的平均损失为 0.16129519715905188
2018-10-31 03:18:46,262 - brc - INFO - 第 451 到第 500批训练集的平均损失为 0.17390473499894143
2018-10-31 03:19:52,364 - brc - INFO - 第 501 到第 550批训练集的平均损失为 0.166180764362216
2018-10-31 03:21:01,008 - brc - INFO - 第 551 到第 600批训练集的平均损失为 0.1731393649429083
2018-10-31 03:22:10,464 - brc - INFO - 第 601 到第 650批训练集的平均损失为 0.16341209538280965
2018-10-31 03:23:18,738 - brc - INFO - 第 651 到第 700批训练集的平均损失为 0.18087195605039597
2018-10-31 03:24:26,483 - brc - INFO - 第 701 到第 750批训练集的平均损失为 0.16211031138896942
2018-10-31 03:25:31,784 - brc - INFO - 第 751 到第 800批训练集的平均损失为 0.17185422793030738
2018-10-31 03:26:40,636 - brc - INFO - 第 801 到第 850批训练集的平均损失为 0.16563382163643836
2018-10-31 03:27:48,950 - brc - INFO - 第 851 到第 900批训练集的平均损失为 0.16730948083102704
2018-10-31 03:28:56,388 - brc - INFO - 第 901 到第 950批训练集的平均损失为 0.16282870039343833
2018-10-31 03:30:03,224 - brc - INFO - 第 951 到第 1000批训练集的平均损失为 0.16844234064221383
2018-10-31 03:31:07,864 - brc - INFO - 第 1001 到第 1050批训练集的平均损失为 0.17269932150840758
2018-10-31 03:32:20,145 - brc - INFO - 第 1051 到第 1100批训练集的平均损失为 0.17794861316680907
2018-10-31 03:33:29,188 - brc - INFO - 第 1101 到第 1150批训练集的平均损失为 0.18180701822042467
2018-10-31 03:34:36,862 - brc - INFO - 第 1151 到第 1200批训练集的平均损失为 0.18055404856801033
2018-10-31 03:35:43,555 - brc - INFO - 第 1201 到第 1250批训练集的平均损失为 0.15899410896003247
2018-10-31 03:36:48,208 - brc - INFO - 第 1251 到第 1300批训练集的平均损失为 0.16413285151124002
2018-10-31 03:37:52,963 - brc - INFO - 第 1301 到第 1350批训练集的平均损失为 0.17741896618157627
2018-10-31 03:39:03,961 - brc - INFO - 第 1351 到第 1400批训练集的平均损失为 0.18673543494194747
2018-10-31 03:40:11,871 - brc - INFO - 第 1401 到第 1450批训练集的平均损失为 0.14960659615695476
2018-10-31 03:41:21,298 - brc - INFO - 第 1451 到第 1500批训练集的平均损失为 0.15214150577783583
2018-10-31 03:42:27,534 - brc - INFO - 第 1501 到第 1550批训练集的平均损失为 0.19137132659554482
2018-10-31 03:43:37,210 - brc - INFO - 第 1551 到第 1600批训练集的平均损失为 0.176945970505476
2018-10-31 03:44:41,129 - brc - INFO - 第 1601 到第 1650批训练集的平均损失为 0.18080582737922668
2018-10-31 03:45:46,884 - brc - INFO - 第 1651 到第 1700批训练集的平均损失为 0.18009014919400215
2018-10-31 03:46:55,780 - brc - INFO - 第 1701 到第 1750批训练集的平均损失为 0.15955300331115724
2018-10-31 03:48:05,323 - brc - INFO - 第 1751 到第 1800批训练集的平均损失为 0.16168962471187115
2018-10-31 03:49:11,070 - brc - INFO - 第 1801 到第 1850批训练集的平均损失为 0.18440493047237397
2018-10-31 03:50:20,952 - brc - INFO - 第 1851 到第 1900批训练集的平均损失为 0.1784119188040495
2018-10-31 03:51:30,779 - brc - INFO - 第 1901 到第 1950批训练集的平均损失为 0.17782127916812895
2018-10-31 03:52:40,569 - brc - INFO - 第 1951 到第 2000批训练集的平均损失为 0.17667358487844467
2018-10-31 03:53:52,220 - brc - INFO - 第 2001 到第 2050批训练集的平均损失为 0.18596645459532737
2018-10-31 03:55:01,089 - brc - INFO - 第 2051 到第 2100批训练集的平均损失为 0.202997165620327
2018-10-31 03:56:15,434 - brc - INFO - 第 2101 到第 2150批训练集的平均损失为 0.1754559214413166
2018-10-31 03:57:27,274 - brc - INFO - 第 2151 到第 2200批训练集的平均损失为 0.17465374000370504
2018-10-31 03:58:34,126 - brc - INFO - 第 2201 到第 2250批训练集的平均损失为 0.1821899865567684
2018-10-31 03:59:38,942 - brc - INFO - 第 2251 到第 2300批训练集的平均损失为 0.1758063244074583
2018-10-31 04:00:43,937 - brc - INFO - 第 2301 到第 2350批训练集的平均损失为 0.19282155349850655
2018-10-31 04:01:50,999 - brc - INFO - 第 2351 到第 2400批训练集的平均损失为 0.1666928720474243
2018-10-31 04:03:01,997 - brc - INFO - 第 2401 到第 2450批训练集的平均损失为 0.16669014520943165
2018-10-31 04:04:12,881 - brc - INFO - 第 2451 到第 2500批训练集的平均损失为 0.17806469216942789
2018-10-31 04:05:24,650 - brc - INFO - 第 2501 到第 2550批训练集的平均损失为 0.18407912373542787
2018-10-31 04:06:35,819 - brc - INFO - 第 2551 到第 2600批训练集的平均损失为 0.19230763584375382
2018-10-31 04:07:41,262 - brc - INFO - 第 2601 到第 2650批训练集的平均损失为 0.17391614712774753
2018-10-31 04:08:48,283 - brc - INFO - 第 2651 到第 2700批训练集的平均损失为 0.1720562494546175
2018-10-31 04:10:02,562 - brc - INFO - 第 2701 到第 2750批训练集的平均损失为 0.1860825853049755
2018-10-31 04:11:16,074 - brc - INFO - 第 2751 到第 2800批训练集的平均损失为 0.20221395157277583
2018-10-31 04:12:24,408 - brc - INFO - 第 2801 到第 2850批训练集的平均损失为 0.19505223773419858
2018-10-31 04:13:35,822 - brc - INFO - 第 2851 到第 2900批训练集的平均损失为 0.20739670798182488
2018-10-31 04:14:45,584 - brc - INFO - 第 2901 到第 2950批训练集的平均损失为 0.18065452560782433
2018-10-31 04:15:57,148 - brc - INFO - 第 2951 到第 3000批训练集的平均损失为 0.21344747185707091
2018-10-31 04:17:08,818 - brc - INFO - 第 3001 到第 3050批训练集的平均损失为 0.20086030647158623
2018-10-31 04:18:17,204 - brc - INFO - 第 3051 到第 3100批训练集的平均损失为 0.20182566106319427
2018-10-31 04:19:23,098 - brc - INFO - 第 3101 到第 3150批训练集的平均损失为 0.1878867180645466
2018-10-31 04:20:31,330 - brc - INFO - 第 3151 到第 3200批训练集的平均损失为 0.22777933180332183
2018-10-31 04:21:42,980 - brc - INFO - 第 3201 到第 3250批训练集的平均损失为 0.17752484776079655
2018-10-31 04:22:55,055 - brc - INFO - 第 3251 到第 3300批训练集的平均损失为 0.20470964834094046
2018-10-31 04:24:04,600 - brc - INFO - 第 3301 到第 3350批训练集的平均损失为 0.20777658224105836
2018-10-31 04:25:16,116 - brc - INFO - 第 3351 到第 3400批训练集的平均损失为 0.19180625498294832
2018-10-31 04:26:19,798 - brc - INFO - 第 3401 到第 3450批训练集的平均损失为 0.20398274853825568
2018-10-31 04:27:30,674 - brc - INFO - 第 3451 到第 3500批训练集的平均损失为 0.20021922692656516
2018-10-31 04:28:36,381 - brc - INFO - 第 3501 到第 3550批训练集的平均损失为 0.2114974895119667
2018-10-31 04:29:50,796 - brc - INFO - 第 3551 到第 3600批训练集的平均损失为 0.195202012360096
2018-10-31 04:31:03,339 - brc - INFO - 第 3601 到第 3650批训练集的平均损失为 0.21221753627061843
2018-10-31 04:32:12,660 - brc - INFO - 第 3651 到第 3700批训练集的平均损失为 0.19605602696537971
2018-10-31 04:33:27,786 - brc - INFO - 第 3701 到第 3750批训练集的平均损失为 0.21564879462122918
2018-10-31 04:34:36,203 - brc - INFO - 第 3751 到第 3800批训练集的平均损失为 0.20014889046549797
2018-10-31 04:35:49,183 - brc - INFO - 第 3801 到第 3850批训练集的平均损失为 0.18496318235993386
2018-10-31 04:37:01,891 - brc - INFO - 该批次的平均训练损失 8 is 0.17980720404762823
2018-10-31 04:40:45,210 - brc - INFO - dev 集合acc 0.7317122052241298
2018-10-31 04:40:45,210 - brc - INFO - dev 集合平均损失1.1676368953246887
2018-10-31 04:40:47,230 - brc - INFO - 保存模型到 ../data/models/, 其前缀为 BIDAF_8.
2018-10-31 04:40:47,230 - brc - INFO - 第9次训练模型 
2018-10-31 04:41:57,576 - brc - INFO - 第 1 到第 50批训练集的平均损失为 0.11274261653423309
2018-10-31 04:43:06,324 - brc - INFO - 第 51 到第 100批训练集的平均损失为 0.1070328676328063
2018-10-31 04:44:18,192 - brc - INFO - 第 101 到第 150批训练集的平均损失为 0.09966771502047778
2018-10-31 04:45:27,254 - brc - INFO - 第 151 到第 200批训练集的平均损失为 0.11542698673903942
2018-10-31 04:46:41,325 - brc - INFO - 第 201 到第 250批训练集的平均损失为 0.09514757096767426
2018-10-31 04:47:55,243 - brc - INFO - 第 251 到第 300批训练集的平均损失为 0.09685845907777547
2018-10-31 04:49:07,137 - brc - INFO - 第 301 到第 350批训练集的平均损失为 0.09723043043166399
2018-10-31 04:50:17,771 - brc - INFO - 第 351 到第 400批训练集的平均损失为 0.12067343462258577
2018-10-31 04:51:26,220 - brc - INFO - 第 401 到第 450批训练集的平均损失为 0.12783528488129378
2018-10-31 04:52:33,150 - brc - INFO - 第 451 到第 500批训练集的平均损失为 0.10451994020491838
2018-10-31 04:53:40,147 - brc - INFO - 第 501 到第 550批训练集的平均损失为 0.12561856903135776
2018-10-31 04:54:48,777 - brc - INFO - 第 551 到第 600批训练集的平均损失为 0.10669489443302155
2018-10-31 04:55:57,521 - brc - INFO - 第 601 到第 650批训练集的平均损失为 0.11354332266375422
2018-10-31 04:57:10,350 - brc - INFO - 第 651 到第 700批训练集的平均损失为 0.11298864137381315
2018-10-31 04:58:14,789 - brc - INFO - 第 701 到第 750批训练集的平均损失为 0.11788074355572462
2018-10-31 04:59:23,980 - brc - INFO - 第 751 到第 800批训练集的平均损失为 0.10898104850202799
2018-10-31 05:00:40,964 - brc - INFO - 第 801 到第 850批训练集的平均损失为 0.12733268950134516
2018-10-31 05:01:46,104 - brc - INFO - 第 851 到第 900批训练集的平均损失为 0.10548251941800117
2018-10-31 05:02:59,367 - brc - INFO - 第 901 到第 950批训练集的平均损失为 0.11729994546622038
2018-10-31 05:04:12,312 - brc - INFO - 第 951 到第 1000批训练集的平均损失为 0.11952022723853588
2018-10-31 05:05:25,107 - brc - INFO - 第 1001 到第 1050批训练集的平均损失为 0.14158585451543332
2018-10-31 05:06:34,976 - brc - INFO - 第 1051 到第 1100批训练集的平均损失为 0.14650293931365013
2018-10-31 05:07:39,991 - brc - INFO - 第 1101 到第 1150批训练集的平均损失为 0.12666452983394266
2018-10-31 05:08:43,945 - brc - INFO - 第 1151 到第 1200批训练集的平均损失为 0.1254390724003315
2018-10-31 05:09:55,152 - brc - INFO - 第 1201 到第 1250批训练集的平均损失为 0.1328805622458458
2018-10-31 05:11:07,939 - brc - INFO - 第 1251 到第 1300批训练集的平均损失为 0.1296359443664551
2018-10-31 05:12:12,487 - brc - INFO - 第 1301 到第 1350批训练集的平均损失为 0.1487493790499866
2018-10-31 05:13:26,196 - brc - INFO - 第 1351 到第 1400批训练集的平均损失为 0.12658168986439705
2018-10-31 05:14:33,498 - brc - INFO - 第 1401 到第 1450批训练集的平均损失为 0.11504858436062931
2018-10-31 05:15:45,121 - brc - INFO - 第 1451 到第 1500批训练集的平均损失为 0.13714048609137536
2018-10-31 05:16:48,324 - brc - INFO - 第 1501 到第 1550批训练集的平均损失为 0.14835995569825172
2018-10-31 05:17:58,118 - brc - INFO - 第 1551 到第 1600批训练集的平均损失为 0.13179015800356864
2018-10-31 05:19:07,719 - brc - INFO - 第 1601 到第 1650批训练集的平均损失为 0.13257663570344447
2018-10-31 05:20:19,359 - brc - INFO - 第 1651 到第 1700批训练集的平均损失为 0.1288644539564848
2018-10-31 05:21:23,536 - brc - INFO - 第 1701 到第 1750批训练集的平均损失为 0.1311568359285593
2018-10-31 05:22:33,832 - brc - INFO - 第 1751 到第 1800批训练集的平均损失为 0.13833220846951008
2018-10-31 05:23:39,733 - brc - INFO - 第 1801 到第 1850批训练集的平均损失为 0.11585286408662795
2018-10-31 05:24:46,464 - brc - INFO - 第 1851 到第 1900批训练集的平均损失为 0.12642390929162503
2018-10-31 05:25:53,866 - brc - INFO - 第 1901 到第 1950批训练集的平均损失为 0.13747838586568834
2018-10-31 05:27:04,411 - brc - INFO - 第 1951 到第 2000批训练集的平均损失为 0.15872288681566715
2018-10-31 05:28:11,606 - brc - INFO - 第 2001 到第 2050批训练集的平均损失为 0.12723054252564908
2018-10-31 05:29:21,652 - brc - INFO - 第 2051 到第 2100批训练集的平均损失为 0.13559089571237565
2018-10-31 05:30:41,341 - brc - INFO - 第 2101 到第 2150批训练集的平均损失为 0.14576022647321224
2018-10-31 05:31:44,764 - brc - INFO - 第 2151 到第 2200批训练集的平均损失为 0.13558613263070585
2018-10-31 05:32:48,341 - brc - INFO - 第 2201 到第 2250批训练集的平均损失为 0.13633849397301673
2018-10-31 05:33:57,193 - brc - INFO - 第 2251 到第 2300批训练集的平均损失为 0.12791575893759727
2018-10-31 05:35:13,317 - brc - INFO - 第 2301 到第 2350批训练集的平均损失为 0.13521907947957515
2018-10-31 05:36:18,934 - brc - INFO - 第 2351 到第 2400批训练集的平均损失为 0.157908333837986
2018-10-31 05:37:33,396 - brc - INFO - 第 2401 到第 2450批训练集的平均损失为 0.1566469968855381
2018-10-31 05:38:43,630 - brc - INFO - 第 2451 到第 2500批训练集的平均损失为 0.14601135484874248
2018-10-31 05:39:53,476 - brc - INFO - 第 2501 到第 2550批训练集的平均损失为 0.14661544740200042
2018-10-31 05:41:03,941 - brc - INFO - 第 2551 到第 2600批训练集的平均损失为 0.141877014786005
2018-10-31 05:42:09,133 - brc - INFO - 第 2601 到第 2650批训练集的平均损失为 0.15764703512191772
2018-10-31 05:43:17,742 - brc - INFO - 第 2651 到第 2700批训练集的平均损失为 0.16320924684405327
2018-10-31 05:44:21,716 - brc - INFO - 第 2701 到第 2750批训练集的平均损失为 0.1352436238527298
2018-10-31 05:45:28,994 - brc - INFO - 第 2751 到第 2800批训练集的平均损失为 0.14645675912499428
2018-10-31 05:46:32,415 - brc - INFO - 第 2801 到第 2850批训练集的平均损失为 0.1487381584197283
2018-10-31 05:47:43,978 - brc - INFO - 第 2851 到第 2900批训练集的平均损失为 0.13170852947980166
2018-10-31 05:48:51,526 - brc - INFO - 第 2901 到第 2950批训练集的平均损失为 0.17248203434050083
2018-10-31 05:50:01,944 - brc - INFO - 第 2951 到第 3000批训练集的平均损失为 0.15247747913002968
2018-10-31 05:51:05,527 - brc - INFO - 第 3001 到第 3050批训练集的平均损失为 0.14825978841632603
2018-10-31 05:52:14,084 - brc - INFO - 第 3051 到第 3100批训练集的平均损失为 0.1579535923153162
2018-10-31 05:53:20,489 - brc - INFO - 第 3101 到第 3150批训练集的平均损失为 0.1516358269006014
2018-10-31 05:54:22,989 - brc - INFO - 第 3151 到第 3200批训练集的平均损失为 0.15139540329575538
2018-10-31 05:55:36,476 - brc - INFO - 第 3201 到第 3250批训练集的平均损失为 0.13156702302396298
2018-10-31 05:56:44,745 - brc - INFO - 第 3251 到第 3300批训练集的平均损失为 0.14583081364631653
2018-10-31 05:57:58,257 - brc - INFO - 第 3301 到第 3350批训练集的平均损失为 0.16762667566537856
2018-10-31 05:59:05,048 - brc - INFO - 第 3351 到第 3400批训练集的平均损失为 0.14398109458386898
2018-10-31 06:00:18,559 - brc - INFO - 第 3401 到第 3450批训练集的平均损失为 0.15999616049230098
2018-10-31 06:01:25,424 - brc - INFO - 第 3451 到第 3500批训练集的平均损失为 0.13343103058636188
2018-10-31 06:02:29,982 - brc - INFO - 第 3501 到第 3550批训练集的平均损失为 0.13899701066315173
2018-10-31 06:03:37,619 - brc - INFO - 第 3551 到第 3600批训练集的平均损失为 0.1618306455016136
2018-10-31 06:04:47,124 - brc - INFO - 第 3601 到第 3650批训练集的平均损失为 0.15660721376538278
2018-10-31 06:05:56,216 - brc - INFO - 第 3651 到第 3700批训练集的平均损失为 0.1502511605620384
2018-10-31 06:07:02,377 - brc - INFO - 第 3701 到第 3750批训练集的平均损失为 0.14995553024113178
2018-10-31 06:08:11,568 - brc - INFO - 第 3751 到第 3800批训练集的平均损失为 0.14254157602787018
2018-10-31 06:09:26,210 - brc - INFO - 第 3801 到第 3850批训练集的平均损失为 0.1470162110775709
2018-10-31 06:10:32,567 - brc - INFO - 该批次的平均训练损失 9 is 0.1346824705893284
2018-10-31 06:14:14,393 - brc - INFO - dev 集合acc 0.723795844745808
2018-10-31 06:14:14,394 - brc - INFO - dev 集合平均损失1.1678132410716482
2018-10-31 06:14:16,402 - brc - INFO - 保存模型到 ../data/models/, 其前缀为 BIDAF_9.
2018-10-31 06:14:16,402 - brc - INFO - 第10次训练模型 
2018-10-31 06:15:22,555 - brc - INFO - 第 1 到第 50批训练集的平均损失为 0.07986052660271525
2018-10-31 06:16:33,693 - brc - INFO - 第 51 到第 100批训练集的平均损失为 0.09789748832583428
2018-10-31 06:17:46,827 - brc - INFO - 第 101 到第 150批训练集的平均损失为 0.08360006739385425
2018-10-31 06:18:55,244 - brc - INFO - 第 151 到第 200批训练集的平均损失为 0.07605046924203634
2018-10-31 06:20:03,281 - brc - INFO - 第 201 到第 250批训练集的平均损失为 0.0832150992564857
2018-10-31 06:21:10,640 - brc - INFO - 第 251 到第 300批训练集的平均损失为 0.07704991955310106
2018-10-31 06:22:17,151 - brc - INFO - 第 301 到第 350批训练集的平均损失为 0.07654791073873639
2018-10-31 06:23:28,723 - brc - INFO - 第 351 到第 400批训练集的平均损失为 0.08136977460235358
2018-10-31 06:24:43,109 - brc - INFO - 第 401 到第 450批训练集的平均损失为 0.08939430290833116
2018-10-31 06:25:47,571 - brc - INFO - 第 451 到第 500批训练集的平均损失为 0.07839656254276633
2018-10-31 06:26:53,886 - brc - INFO - 第 501 到第 550批训练集的平均损失为 0.11668065998703242
2018-10-31 06:28:11,746 - brc - INFO - 第 551 到第 600批训练集的平均损失为 0.0995994673948735
2018-10-31 06:29:17,744 - brc - INFO - 第 601 到第 650批训练集的平均损失为 0.08804376663640141
2018-10-31 06:30:20,363 - brc - INFO - 第 651 到第 700批训练集的平均损失为 0.08673409413546324
2018-10-31 06:31:29,028 - brc - INFO - 第 701 到第 750批训练集的平均损失为 0.08613761513493955
2018-10-31 06:32:38,800 - brc - INFO - 第 751 到第 800批训练集的平均损失为 0.09451015237718821
2018-10-31 06:33:40,651 - brc - INFO - 第 801 到第 850批训练集的平均损失为 0.0887291269004345
2018-10-31 06:34:50,421 - brc - INFO - 第 851 到第 900批训练集的平均损失为 0.08163551721721887
2018-10-31 06:36:01,255 - brc - INFO - 第 901 到第 950批训练集的平均损失为 0.09332003546878695
2018-10-31 06:37:09,708 - brc - INFO - 第 951 到第 1000批训练集的平均损失为 0.10325109113007784
2018-10-31 06:38:18,737 - brc - INFO - 第 1001 到第 1050批训练集的平均损失为 0.09043771710246801
2018-10-31 06:39:32,853 - brc - INFO - 第 1051 到第 1100批训练集的平均损失为 0.08000239254906774
2018-10-31 06:40:45,176 - brc - INFO - 第 1101 到第 1150批训练集的平均损失为 0.09463821558281779
2018-10-31 06:41:53,403 - brc - INFO - 第 1151 到第 1200批训练集的平均损失为 0.11195887172594667
2018-10-31 06:43:01,750 - brc - INFO - 第 1201 到第 1250批训练集的平均损失为 0.103893022518605
2018-10-31 06:44:16,403 - brc - INFO - 第 1251 到第 1300批训练集的平均损失为 0.11971352502703667
2018-10-31 06:45:27,659 - brc - INFO - 第 1301 到第 1350批训练集的平均损失为 0.08919923413544893
2018-10-31 06:46:33,855 - brc - INFO - 第 1351 到第 1400批训练集的平均损失为 0.1111494243517518
2018-10-31 06:47:49,841 - brc - INFO - 第 1401 到第 1450批训练集的平均损失为 0.10683343134820461
2018-10-31 06:48:56,243 - brc - INFO - 第 1451 到第 1500批训练集的平均损失为 0.09800036545842886
2018-10-31 06:50:09,162 - brc - INFO - 第 1501 到第 1550批训练集的平均损失为 0.1174870391562581
2018-10-31 06:51:14,012 - brc - INFO - 第 1551 到第 1600批训练集的平均损失为 0.10899169377982616
2018-10-31 06:52:18,223 - brc - INFO - 第 1601 到第 1650批训练集的平均损失为 0.09871308926492929
2018-10-31 06:53:31,681 - brc - INFO - 第 1651 到第 1700批训练集的平均损失为 0.09048256936483084
2018-10-31 06:54:40,757 - brc - INFO - 第 1701 到第 1750批训练集的平均损失为 0.10776299079880118
2018-10-31 06:55:50,888 - brc - INFO - 第 1751 到第 1800批训练集的平均损失为 0.11290626350790262
2018-10-31 06:57:01,493 - brc - INFO - 第 1801 到第 1850批训练集的平均损失为 0.1268254282325506
2018-10-31 06:58:08,910 - brc - INFO - 第 1851 到第 1900批训练集的平均损失为 0.1167590519040823
2018-10-31 06:59:19,073 - brc - INFO - 第 1901 到第 1950批训练集的平均损失为 0.12361923664808273
2018-10-31 07:00:25,814 - brc - INFO - 第 1951 到第 2000批训练集的平均损失为 0.10417292725294829
2018-10-31 07:01:32,698 - brc - INFO - 第 2001 到第 2050批训练集的平均损失为 0.10760012988001108
2018-10-31 07:02:44,653 - brc - INFO - 第 2051 到第 2100批训练集的平均损失为 0.0877522785961628
2018-10-31 07:03:51,476 - brc - INFO - 第 2101 到第 2150批训练集的平均损失为 0.11233168665319682
2018-10-31 07:05:03,577 - brc - INFO - 第 2151 到第 2200批训练集的平均损失为 0.10323815736919642
2018-10-31 07:06:12,923 - brc - INFO - 第 2201 到第 2250批训练集的平均损失为 0.1273035164549947
2018-10-31 07:07:22,869 - brc - INFO - 第 2251 到第 2300批训练集的平均损失为 0.1077269585430622
2018-10-31 07:08:30,046 - brc - INFO - 第 2301 到第 2350批训练集的平均损失为 0.12649923015385867
2018-10-31 07:09:36,318 - brc - INFO - 第 2351 到第 2400批训练集的平均损失为 0.0822057419270277
2018-10-31 07:10:39,363 - brc - INFO - 第 2401 到第 2450批训练集的平均损失为 0.13088235823437572
2018-10-31 07:11:48,785 - brc - INFO - 第 2451 到第 2500批训练集的平均损失为 0.11385175533592701
2018-10-31 07:12:59,363 - brc - INFO - 第 2501 到第 2550批训练集的平均损失为 0.12430160500109196
2018-10-31 07:14:06,221 - brc - INFO - 第 2551 到第 2600批训练集的平均损失为 0.11851527307182551
2018-10-31 07:15:17,403 - brc - INFO - 第 2601 到第 2650批训练集的平均损失为 0.09841334030032158
2018-10-31 07:16:22,266 - brc - INFO - 第 2651 到第 2700批训练集的平均损失为 0.12381494663655758
2018-10-31 07:17:28,851 - brc - INFO - 第 2701 到第 2750批训练集的平均损失为 0.1254439864307642
2018-10-31 07:18:37,162 - brc - INFO - 第 2751 到第 2800批训练集的平均损失为 0.12149920601397753
2018-10-31 07:19:45,409 - brc - INFO - 第 2801 到第 2850批训练集的平均损失为 0.10703680301085114
2018-10-31 07:20:51,991 - brc - INFO - 第 2851 到第 2900批训练集的平均损失为 0.15226430401206018
2018-10-31 07:22:05,855 - brc - INFO - 第 2901 到第 2950批训练集的平均损失为 0.11805259071290493
2018-10-31 07:23:16,591 - brc - INFO - 第 2951 到第 3000批训练集的平均损失为 0.12114702552556991
2018-10-31 07:24:24,606 - brc - INFO - 第 3001 到第 3050批训练集的平均损失为 0.0973008131235838
2018-10-31 07:25:34,595 - brc - INFO - 第 3051 到第 3100批训练集的平均损失为 0.11529251046478749
2018-10-31 07:26:41,692 - brc - INFO - 第 3101 到第 3150批训练集的平均损失为 0.1308520271629095
2018-10-31 07:27:48,269 - brc - INFO - 第 3151 到第 3200批训练集的平均损失为 0.11314155668020248
2018-10-31 07:28:57,232 - brc - INFO - 第 3201 到第 3250批训练集的平均损失为 0.11726077906787395
2018-10-31 07:30:09,786 - brc - INFO - 第 3251 到第 3300批训练集的平均损失为 0.12854465547949076
2018-10-31 07:31:17,201 - brc - INFO - 第 3301 到第 3350批训练集的平均损失为 0.1117800935357809
2018-10-31 07:32:29,800 - brc - INFO - 第 3351 到第 3400批训练集的平均损失为 0.11669706586748362
2018-10-31 07:33:33,168 - brc - INFO - 第 3401 到第 3450批训练集的平均损失为 0.12946208845824003
2018-10-31 07:34:39,003 - brc - INFO - 第 3451 到第 3500批训练集的平均损失为 0.11539232928305865
2018-10-31 07:35:41,008 - brc - INFO - 第 3501 到第 3550批训练集的平均损失为 0.11931173775345087
2018-10-31 07:36:56,526 - brc - INFO - 第 3551 到第 3600批训练集的平均损失为 0.1158661837130785
2018-10-31 07:38:09,145 - brc - INFO - 第 3601 到第 3650批训练集的平均损失为 0.12510341349989176
2018-10-31 07:39:22,438 - brc - INFO - 第 3651 到第 3700批训练集的平均损失为 0.12141140930354595
2018-10-31 07:40:33,238 - brc - INFO - 第 3701 到第 3750批训练集的平均损失为 0.11111536636948585
2018-10-31 07:41:44,108 - brc - INFO - 第 3751 到第 3800批训练集的平均损失为 0.11299631813541054
2018-10-31 07:42:53,200 - brc - INFO - 第 3801 到第 3850批训练集的平均损失为 0.10063815664499998
2018-10-31 07:43:57,302 - brc - INFO - 该批次的平均训练损失 10 is 0.10648069274094436
2018-10-31 07:47:38,079 - brc - INFO - dev 集合acc 0.7267686552207896
2018-10-31 07:47:38,079 - brc - INFO - dev 集合平均损失1.238611462806061
2018-10-31 07:47:40,208 - brc - INFO - 保存模型到 ../data/models/, 其前缀为 BIDAF_10.
2018-10-31 07:47:40,208 - brc - INFO - 第11次训练模型 
2018-10-31 07:48:45,051 - brc - INFO - 第 1 到第 50批训练集的平均损失为 0.07248080063611269
2018-10-31 07:49:53,800 - brc - INFO - 第 51 到第 100批训练集的平均损失为 0.0552165119163692
2018-10-31 07:51:06,571 - brc - INFO - 第 101 到第 150批训练集的平均损失为 0.06575228898786008
2018-10-31 07:52:13,758 - brc - INFO - 第 151 到第 200批训练集的平均损失为 0.05628850642591715
2018-10-31 07:53:19,273 - brc - INFO - 第 201 到第 250批训练集的平均损失为 0.08170704064890742
2018-10-31 07:54:28,735 - brc - INFO - 第 251 到第 300批训练集的平均损失为 0.07344876309391112
2018-10-31 07:55:35,426 - brc - INFO - 第 301 到第 350批训练集的平均损失为 0.05776748288422823
2018-10-31 07:56:44,294 - brc - INFO - 第 351 到第 400批训练集的平均损失为 0.06971176404505969
2018-10-31 07:57:51,874 - brc - INFO - 第 401 到第 450批训练集的平均损失为 0.08245177596807479
2018-10-31 07:59:01,867 - brc - INFO - 第 451 到第 500批训练集的平均损失为 0.08457991153001786
2018-10-31 08:00:16,681 - brc - INFO - 第 501 到第 550批训练集的平均损失为 0.08950642293319105
2018-10-31 08:01:22,655 - brc - INFO - 第 551 到第 600批训练集的平均损失为 0.06530945299193264
2018-10-31 08:02:31,473 - brc - INFO - 第 601 到第 650批训练集的平均损失为 0.05075892178341746
2018-10-31 08:03:42,555 - brc - INFO - 第 651 到第 700批训练集的平均损失为 0.08529495242983103
2018-10-31 08:04:54,699 - brc - INFO - 第 701 到第 750批训练集的平均损失为 0.06514069406315684
2018-10-31 08:05:59,403 - brc - INFO - 第 751 到第 800批训练集的平均损失为 0.08716538939625025
2018-10-31 08:07:10,935 - brc - INFO - 第 801 到第 850批训练集的平均损失为 0.07253222458064557
2018-10-31 08:08:18,411 - brc - INFO - 第 851 到第 900批训练集的平均损失为 0.08453490531072021
2018-10-31 08:09:27,870 - brc - INFO - 第 901 到第 950批训练集的平均损失为 0.0975483853276819
2018-10-31 08:10:39,507 - brc - INFO - 第 951 到第 1000批训练集的平均损失为 0.08042748672887683
2018-10-31 08:11:49,466 - brc - INFO - 第 1001 到第 1050批训练集的平均损失为 0.06890629870817065
2018-10-31 08:12:59,798 - brc - INFO - 第 1051 到第 1100批训练集的平均损失为 0.08040949027054012
2018-10-31 08:14:08,345 - brc - INFO - 第 1101 到第 1150批训练集的平均损失为 0.09482060674577951
2018-10-31 08:15:20,362 - brc - INFO - 第 1151 到第 1200批训练集的平均损失为 0.08347477745264768
2018-10-31 08:16:24,994 - brc - INFO - 第 1201 到第 1250批训练集的平均损失为 0.09357815396040678
2018-10-31 08:17:29,152 - brc - INFO - 第 1251 到第 1300批训练集的平均损失为 0.09348486989736557
2018-10-31 08:18:46,414 - brc - INFO - 第 1301 到第 1350批训练集的平均损失为 0.10342143435031176
2018-10-31 08:19:59,153 - brc - INFO - 第 1351 到第 1400批训练集的平均损失为 0.07454064801335335
2018-10-31 08:21:02,128 - brc - INFO - 第 1401 到第 1450批训练集的平均损失为 0.08809443223290145
2018-10-31 08:22:11,516 - brc - INFO - 第 1451 到第 1500批训练集的平均损失为 0.09642567552626133
2018-10-31 08:23:19,123 - brc - INFO - 第 1501 到第 1550批训练集的平均损失为 0.09694460390135645
2018-10-31 08:24:25,777 - brc - INFO - 第 1551 到第 1600批训练集的平均损失为 0.0769690521992743
2018-10-31 08:25:38,820 - brc - INFO - 第 1601 到第 1650批训练集的平均损失为 0.10181503120809793
2018-10-31 08:26:45,997 - brc - INFO - 第 1651 到第 1700批训练集的平均损失为 0.09047651182860136
2018-10-31 08:27:52,904 - brc - INFO - 第 1701 到第 1750批训练集的平均损失为 0.08405591674149036
2018-10-31 08:29:03,250 - brc - INFO - 第 1751 到第 1800批训练集的平均损失为 0.07755753140896558
2018-10-31 08:30:21,168 - brc - INFO - 第 1801 到第 1850批训练集的平均损失为 0.09787853613495827
2018-10-31 08:31:27,649 - brc - INFO - 第 1851 到第 1900批训练集的平均损失为 0.09048953238874674
2018-10-31 08:32:28,091 - brc - INFO - 第 1901 到第 1950批训练集的平均损失为 0.0973289068043232
2018-10-31 08:33:37,783 - brc - INFO - 第 1951 到第 2000批训练集的平均损失为 0.06657260904088616
2018-10-31 08:34:52,072 - brc - INFO - 第 2001 到第 2050批训练集的平均损失为 0.09578023739159107
2018-10-31 08:36:05,964 - brc - INFO - 第 2051 到第 2100批训练集的平均损失为 0.09691840033978223
2018-10-31 08:37:08,586 - brc - INFO - 第 2101 到第 2150批训练集的平均损失为 0.10249683491885662
2018-10-31 08:38:20,269 - brc - INFO - 第 2151 到第 2200批训练集的平均损失为 0.09313488505780697
2018-10-31 08:39:24,691 - brc - INFO - 第 2201 到第 2250批训练集的平均损失为 0.08961872041225433
2018-10-31 08:40:39,175 - brc - INFO - 第 2251 到第 2300批训练集的平均损失为 0.10830199806019664
2018-10-31 08:41:51,075 - brc - INFO - 第 2301 到第 2350批训练集的平均损失为 0.08809256091713906
2018-10-31 08:43:01,065 - brc - INFO - 第 2351 到第 2400批训练集的平均损失为 0.09067927585914731
2018-10-31 08:44:08,122 - brc - INFO - 第 2401 到第 2450批训练集的平均损失为 0.10510402757674456
2018-10-31 08:45:16,014 - brc - INFO - 第 2451 到第 2500批训练集的平均损失为 0.08487585694529116
2018-10-31 08:46:27,073 - brc - INFO - 第 2501 到第 2550批训练集的平均损失为 0.0866754700243473
2018-10-31 08:47:35,303 - brc - INFO - 第 2551 到第 2600批训练集的平均损失为 0.09902106363326312
2018-10-31 08:48:42,058 - brc - INFO - 第 2601 到第 2650批训练集的平均损失为 0.10199785618111491
2018-10-31 08:49:53,595 - brc - INFO - 第 2651 到第 2700批训练集的平均损失为 0.09473410565406085
2018-10-31 08:50:59,435 - brc - INFO - 第 2701 到第 2750批训练集的平均损失为 0.10292121835052967
2018-10-31 08:52:36,709 - brc - INFO - 第 2751 到第 2800批训练集的平均损失为 0.10737934987992048
2018-10-31 08:54:43,153 - brc - INFO - 第 2801 到第 2850批训练集的平均损失为 0.11340649474412202
2018-10-31 08:56:46,071 - brc - INFO - 第 2851 到第 2900批训练集的平均损失为 0.09729633558541537
2018-10-31 08:58:49,611 - brc - INFO - 第 2901 到第 2950批训练集的平均损失为 0.08524409977719188
2018-10-31 09:00:49,006 - brc - INFO - 第 2951 到第 3000批训练集的平均损失为 0.11520843032747508
2018-10-31 09:02:42,996 - brc - INFO - 第 3001 到第 3050批训练集的平均损失为 0.09396352920681238
2018-10-31 09:04:44,286 - brc - INFO - 第 3051 到第 3100批训练集的平均损失为 0.10900545228272676
2018-10-31 09:06:50,508 - brc - INFO - 第 3101 到第 3150批训练集的平均损失为 0.09704268587753177
2018-10-31 09:08:58,963 - brc - INFO - 第 3151 到第 3200批训练集的平均损失为 0.10925174701958895
2018-10-31 09:10:57,707 - brc - INFO - 第 3201 到第 3250批训练集的平均损失为 0.13031421072781085
